Start Pre-Training
No pre-trained checkpoint found.

TRAIN.PY
i_batch: 0
train_be (24000): tensor([0, 0, 0,  ..., 0, 0, 0], device='cuda:0')
train_bs (2000): tensor([0, 0, 0,  ..., 0, 0, 0], device='cuda:0')
train_bt (12): tensor([0, 0, 0, 0, 0, 0, 0, 0, 0, 0, 0, 0], device='cuda:0')


EDGE MODEL FORWARD
src (torch.Size([24000])): tensor([   0,    0,    0,  ..., 1999, 1999, 1999], device='cuda:0')
tgt (torch.Size([24000])): tensor([0, 1, 2,  ..., 7, 8, 9], device='cuda:0')
x_s (torch.Size([2000, 10])): tensor([[0., 0., 0.,  ..., 0., 0., 0.],
        [0., 0., 0.,  ..., 0., 0., 0.],
        [0., 0., 0.,  ..., 0., 0., 0.],
        ...,
        [0., 0., 0.,  ..., 0., 0., 0.],
        [0., 0., 0.,  ..., 0., 0., 0.],
        [0., 0., 0.,  ..., 0., 0., 0.]], device='cuda:0')
x_t (torch.Size([12, 5])): tensor([[0., 0., 0., 0., 0.],
        [0., 0., 0., 0., 0.],
        [0., 0., 0., 0., 0.],
        [0., 0., 0., 0., 0.],
        [0., 0., 0., 0., 0.],
        [0., 0., 0., 0., 0.],
        [0., 0., 0., 0., 0.],
        [0., 0., 0., 0., 0.],
        [0., 0., 0., 0., 0.],
        [0., 0., 0., 0., 0.],
        [0., 0., 0., 0., 0.],
        [0., 0., 0., 0., 0.]], device='cuda:0')
edge_attr (torch.Size([24000, 10])): tensor([[0., 0., 0.,  ..., 0., 0., 0.],
        [0., 0., 0.,  ..., 0., 0., 0.],
        [0., 0., 0.,  ..., 0., 0., 0.],
        ...,
        [0., 0., 0.,  ..., 0., 0., 0.],
        [0., 0., 0.,  ..., 0., 0., 0.],
        [0., 0., 0.,  ..., 0., 0., 0.]], device='cuda:0')
u (torch.Size([1, 10])): tensor([[0., 0., 0., 0., 0., 0., 0., 0., 0., 0.]], device='cuda:0')

EDGE MODEL FORWARD
src (torch.Size([24000])): tensor([   0,    0,    0,  ..., 1999, 1999, 1999], device='cuda:0')
tgt (torch.Size([24000])): tensor([0, 1, 2,  ..., 7, 8, 9], device='cuda:0')
x_s (torch.Size([2000, 10])): tensor([[-3.7697e-05, -1.8849e-05,  4.7122e-06,  ..., -4.7122e-05,
          4.7122e-05, -1.7671e-06],
        [-3.7697e-05, -1.8849e-05,  4.7122e-06,  ..., -4.7122e-05,
          4.7122e-05, -1.7671e-06],
        [-3.7697e-05, -1.8849e-05,  4.7122e-06,  ..., -4.7122e-05,
          4.7122e-05, -1.7671e-06],
        ...,
        [-3.7697e-05, -1.8849e-05,  4.7122e-06,  ..., -4.7122e-05,
          4.7122e-05, -1.7671e-06],
        [-3.7697e-05, -1.8849e-05,  4.7122e-06,  ..., -4.7122e-05,
          4.7122e-05, -1.7671e-06],
        [-3.7697e-05, -1.8849e-05,  4.7122e-06,  ..., -4.7122e-05,
          4.7122e-05, -1.7671e-06]], device='cuda:0',
       grad_fn=<NativeBatchNormBackward0>)
x_t (torch.Size([12, 5])): tensor([[-0.0012,  0.0012,  0.0003,  0.0000,  0.0000],
        [-0.0012,  0.0012,  0.0003,  0.0000,  0.0000],
        [-0.0012,  0.0012,  0.0003,  0.0000,  0.0000],
        [-0.0012,  0.0012,  0.0003,  0.0000,  0.0000],
        [-0.0012,  0.0012,  0.0003,  0.0000,  0.0000],
        [-0.0012,  0.0012,  0.0003,  0.0000,  0.0000],
        [-0.0012,  0.0012,  0.0003,  0.0000,  0.0000],
        [-0.0012,  0.0012,  0.0003,  0.0000,  0.0000],
        [-0.0012,  0.0012,  0.0003,  0.0000,  0.0000],
        [-0.0012,  0.0012,  0.0003,  0.0000,  0.0000],
        [-0.0012,  0.0012,  0.0003,  0.0000,  0.0000],
        [-0.0012,  0.0012,  0.0003,  0.0000,  0.0000]], device='cuda:0',
       grad_fn=<NativeBatchNormBackward0>)
edge_attr (torch.Size([24000, 10])): tensor([[ 1.1780e-06, -2.3561e-06,  0.0000e+00,  ...,  0.0000e+00,
          0.0000e+00,  7.0682e-06],
        [ 1.1780e-06, -2.3561e-06,  0.0000e+00,  ...,  0.0000e+00,
          0.0000e+00,  7.0682e-06],
        [ 1.1780e-06, -2.3561e-06,  0.0000e+00,  ...,  0.0000e+00,
          0.0000e+00,  7.0682e-06],
        ...,
        [ 1.1780e-06, -2.3561e-06,  0.0000e+00,  ...,  0.0000e+00,
          0.0000e+00,  7.0682e-06],
        [ 1.1780e-06, -2.3561e-06,  0.0000e+00,  ...,  0.0000e+00,
          0.0000e+00,  7.0682e-06],
        [ 1.1780e-06, -2.3561e-06,  0.0000e+00,  ...,  0.0000e+00,
          0.0000e+00,  7.0682e-06]], device='cuda:0',
       grad_fn=<NativeBatchNormBackward0>)
u (torch.Size([1, 10])): tensor([[-4.7628, -2.1586,  2.5902,  2.0667, -1.0642, -5.3965, -2.4815,  0.4925,
         -4.9459,  1.7752]], device='cuda:0', grad_fn=<AddmmBackward0>)

EDGE MODEL FORWARD
src (torch.Size([24000])): tensor([   0,    0,    0,  ..., 1999, 1999, 1999], device='cuda:0')
tgt (torch.Size([24000])): tensor([0, 1, 2,  ..., 7, 8, 9], device='cuda:0')
x_s (torch.Size([2000, 10])): tensor([[ 1.8849e-05,  9.4243e-06, -4.7122e-05,  ..., -9.4243e-05,
         -2.3561e-05,  9.4243e-05],
        [ 1.8849e-05,  9.4243e-06, -4.7122e-05,  ..., -9.4243e-05,
         -2.3561e-05,  9.4243e-05],
        [ 1.8849e-05,  9.4243e-06, -4.7122e-05,  ..., -9.4243e-05,
         -2.3561e-05,  9.4243e-05],
        ...,
        [ 1.8849e-05,  9.4243e-06, -4.7122e-05,  ..., -9.4243e-05,
         -2.3561e-05,  9.4243e-05],
        [ 1.8849e-05,  9.4243e-06, -4.7122e-05,  ..., -9.4243e-05,
         -2.3561e-05,  9.4243e-05],
        [ 1.8849e-05,  9.4243e-06, -4.7122e-05,  ..., -9.4243e-05,
         -2.3561e-05,  9.4243e-05]], device='cuda:0',
       grad_fn=<NativeBatchNormBackward0>)
x_t (torch.Size([12, 5])): tensor([[0.0000, 0.0024, 0.0006, 0.0000, 0.0000],
        [0.0000, 0.0024, 0.0006, 0.0000, 0.0000],
        [0.0000, 0.0024, 0.0006, 0.0000, 0.0000],
        [0.0000, 0.0024, 0.0006, 0.0000, 0.0000],
        [0.0000, 0.0024, 0.0006, 0.0000, 0.0000],
        [0.0000, 0.0024, 0.0006, 0.0000, 0.0000],
        [0.0000, 0.0024, 0.0006, 0.0000, 0.0000],
        [0.0000, 0.0024, 0.0006, 0.0000, 0.0000],
        [0.0000, 0.0024, 0.0006, 0.0000, 0.0000],
        [0.0000, 0.0024, 0.0006, 0.0000, 0.0000],
        [0.0000, 0.0024, 0.0006, 0.0000, 0.0000],
        [0.0000, 0.0024, 0.0006, 0.0000, 0.0000]], device='cuda:0',
       grad_fn=<NativeBatchNormBackward0>)
edge_attr (torch.Size([24000, 10])): tensor([[1.7671e-06, 1.4726e-07, 0.0000e+00,  ..., 1.8849e-05, 4.7122e-06,
         0.0000e+00],
        [1.7671e-06, 1.4726e-07, 0.0000e+00,  ..., 1.8849e-05, 4.7122e-06,
         0.0000e+00],
        [1.7671e-06, 1.4726e-07, 0.0000e+00,  ..., 1.8849e-05, 4.7122e-06,
         0.0000e+00],
        ...,
        [1.7671e-06, 1.4726e-07, 0.0000e+00,  ..., 1.8849e-05, 4.7122e-06,
         0.0000e+00],
        [1.7671e-06, 1.4726e-07, 0.0000e+00,  ..., 1.8849e-05, 4.7122e-06,
         0.0000e+00],
        [1.7671e-06, 1.4726e-07, 0.0000e+00,  ..., 1.8849e-05, 4.7122e-06,
         0.0000e+00]], device='cuda:0', grad_fn=<NativeBatchNormBackward0>)
u (torch.Size([1, 10])): tensor([[ 4.9248,  5.2971,  9.6936,  0.7716, -1.8088, -3.0186,  2.8721, -3.3337,
         -9.2973, -9.9412]], device='cuda:0', grad_fn=<AddmmBackward0>)

EDGE MODEL FORWARD
src (torch.Size([24000])): tensor([   0,    0,    0,  ..., 1999, 1999, 1999], device='cuda:0')
tgt (torch.Size([24000])): tensor([0, 1, 2,  ..., 7, 8, 9], device='cuda:0')
x_s (torch.Size([2000, 10])): tensor([[ 0.0000e+00,  4.7122e-06,  2.3561e-06,  ..., -9.4243e-06,
         -2.8273e-05, -1.8849e-05],
        [ 0.0000e+00,  4.7122e-06,  2.3561e-06,  ..., -9.4243e-06,
         -2.8273e-05, -1.8849e-05],
        [ 0.0000e+00,  4.7122e-06,  2.3561e-06,  ..., -9.4243e-06,
         -2.8273e-05, -1.8849e-05],
        ...,
        [ 0.0000e+00,  4.7122e-06,  2.3561e-06,  ..., -9.4243e-06,
         -2.8273e-05, -1.8849e-05],
        [ 0.0000e+00,  4.7122e-06,  2.3561e-06,  ..., -9.4243e-06,
         -2.8273e-05, -1.8849e-05],
        [ 0.0000e+00,  4.7122e-06,  2.3561e-06,  ..., -9.4243e-06,
         -2.8273e-05, -1.8849e-05]], device='cuda:0',
       grad_fn=<NativeBatchNormBackward0>)
x_t (torch.Size([12, 5])): tensor([[-0.0002,  0.0000,  0.0012,  0.0006,  0.0024],
        [-0.0002,  0.0000,  0.0012,  0.0006,  0.0024],
        [-0.0002,  0.0000,  0.0012,  0.0006,  0.0024],
        [-0.0002,  0.0000,  0.0012,  0.0006,  0.0024],
        [-0.0002,  0.0000,  0.0012,  0.0006,  0.0024],
        [-0.0002,  0.0000,  0.0012,  0.0006,  0.0024],
        [-0.0002,  0.0000,  0.0012,  0.0006,  0.0024],
        [-0.0002,  0.0000,  0.0012,  0.0006,  0.0024],
        [-0.0002,  0.0000,  0.0012,  0.0006,  0.0024],
        [-0.0002,  0.0000,  0.0012,  0.0006,  0.0024],
        [-0.0002,  0.0000,  0.0012,  0.0006,  0.0024],
        [-0.0002,  0.0000,  0.0012,  0.0006,  0.0024]], device='cuda:0',
       grad_fn=<NativeBatchNormBackward0>)
edge_attr (torch.Size([24000, 10])): tensor([[-1.1780e-06,  0.0000e+00,  0.0000e+00,  ...,  0.0000e+00,
          0.0000e+00, -1.1780e-06],
        [-1.1780e-06,  0.0000e+00,  0.0000e+00,  ...,  0.0000e+00,
          0.0000e+00, -1.1780e-06],
        [-1.1780e-06,  0.0000e+00,  0.0000e+00,  ...,  0.0000e+00,
          0.0000e+00, -1.1780e-06],
        ...,
        [-1.1780e-06,  0.0000e+00,  0.0000e+00,  ...,  0.0000e+00,
          0.0000e+00, -1.1780e-06],
        [-1.1780e-06,  0.0000e+00,  0.0000e+00,  ...,  0.0000e+00,
          0.0000e+00, -1.1780e-06],
        [-1.1780e-06,  0.0000e+00,  0.0000e+00,  ...,  0.0000e+00,
          0.0000e+00, -1.1780e-06]], device='cuda:0',
       grad_fn=<NativeBatchNormBackward0>)
u (torch.Size([1, 10])): tensor([[-0.0945, -3.3982,  0.3222,  5.6052, -2.7056,  0.2382,  2.3276,  2.3832,
         -1.7346,  2.6722]], device='cuda:0', grad_fn=<AddmmBackward0>)
Batch 0: -U=-64797.1, G=0.0, N=0.0, +OT=35999.2, +UT=0.0

TRAIN.PY
i_batch: 1
train_be (24000): tensor([0, 0, 0,  ..., 0, 0, 0], device='cuda:0')
train_bs (2000): tensor([0, 0, 0,  ..., 0, 0, 0], device='cuda:0')
train_bt (12): tensor([0, 0, 0, 0, 0, 0, 0, 0, 0, 0, 0, 0], device='cuda:0')


EDGE MODEL FORWARD
src (torch.Size([24000])): tensor([   0,    0,    0,  ..., 1999, 1999, 1999], device='cuda:0')
tgt (torch.Size([24000])): tensor([0, 1, 2,  ..., 7, 8, 9], device='cuda:0')
x_s (torch.Size([2000, 10])): tensor([[0., 0., 0.,  ..., 0., 0., 0.],
        [0., 0., 0.,  ..., 0., 0., 0.],
        [0., 0., 0.,  ..., 0., 0., 0.],
        ...,
        [0., 0., 0.,  ..., 0., 0., 0.],
        [0., 0., 0.,  ..., 0., 0., 0.],
        [0., 0., 0.,  ..., 0., 0., 0.]], device='cuda:0')
x_t (torch.Size([12, 2])): tensor([[2.0000e+00, 6.8200e+04],
        [2.0000e+00, 6.9300e+04],
        [2.0000e+00, 9.6300e+04],
        [1.2000e+01, 1.4400e+04],
        [6.0000e+00, 2.2000e+04],
        [6.0000e+00, 8.3000e+03],
        [1.2000e+01, 1.4000e+04],
        [6.0000e+00, 2.2000e+04],
        [3.0000e+00, 7.4000e+03],
        [6.0000e+00, 4.5000e+03],
        [1.2000e+01, 2.8000e+03],
        [8.0000e+00, 9.7000e+03]], device='cuda:0')
edge_attr (torch.Size([24000, 10])): tensor([[0., 0., 0.,  ..., 0., 0., 0.],
        [0., 0., 0.,  ..., 0., 0., 0.],
        [0., 0., 0.,  ..., 0., 0., 0.],
        ...,
        [0., 0., 0.,  ..., 0., 0., 0.],
        [0., 0., 0.,  ..., 0., 0., 0.],
        [0., 0., 0.,  ..., 0., 0., 0.]], device='cuda:0')
u (torch.Size([1, 10])): tensor([[0., 0., 0., 0., 0., 0., 0., 0., 0., 0.]], device='cuda:0')
Traceback (most recent call last):
  File "/home/jl5824/pfs-neural-net/train.py", line 216, in <module>
    time_pred, _ = gnn(graph, train_be[i_batch], train_bs[i_batch], train_bt[i_batch])
                   ^^^^^^^^^^^^^^^^^^^^^^^^^^^^^^^^^^^^^^^^^^^^^^^^^^^^^^^^^^^^^^^^^^^
  File "/home/jl5824/.conda/envs/torch-gnn/lib/python3.12/site-packages/torch/nn/modules/module.py", line 1751, in _wrapped_call_impl
    return self._call_impl(*args, **kwargs)
           ^^^^^^^^^^^^^^^^^^^^^^^^^^^^^^^^
  File "/home/jl5824/.conda/envs/torch-gnn/lib/python3.12/site-packages/torch/nn/modules/module.py", line 1762, in _call_impl
    return forward_call(*args, **kwargs)
           ^^^^^^^^^^^^^^^^^^^^^^^^^^^^^
  File "/home/jl5824/pfs-neural-net/gnn.py", line 406, in forward
    x_s, x_t, edge_attr, u = blk(x_s, x_t, edge_index, edge_attr,
                             ^^^^^^^^^^^^^^^^^^^^^^^^^^^^^^^^^^^^
  File "/home/jl5824/.conda/envs/torch-gnn/lib/python3.12/site-packages/torch/nn/modules/module.py", line 1751, in _wrapped_call_impl
    return self._call_impl(*args, **kwargs)
           ^^^^^^^^^^^^^^^^^^^^^^^^^^^^^^^^
  File "/home/jl5824/.conda/envs/torch-gnn/lib/python3.12/site-packages/torch/nn/modules/module.py", line 1762, in _call_impl
    return forward_call(*args, **kwargs)
           ^^^^^^^^^^^^^^^^^^^^^^^^^^^^^
  File "/home/jl5824/pfs-neural-net/gnn.py", line 341, in forward
    edge_attr = self.edge_model(x_s, x_t, edge_index, edge_attr, u, batch_e)
                ^^^^^^^^^^^^^^^^^^^^^^^^^^^^^^^^^^^^^^^^^^^^^^^^^^^^^^^^^^^^
  File "/home/jl5824/.conda/envs/torch-gnn/lib/python3.12/site-packages/torch/nn/modules/module.py", line 1751, in _wrapped_call_impl
    return self._call_impl(*args, **kwargs)
           ^^^^^^^^^^^^^^^^^^^^^^^^^^^^^^^^
  File "/home/jl5824/.conda/envs/torch-gnn/lib/python3.12/site-packages/torch/nn/modules/module.py", line 1762, in _call_impl
    return forward_call(*args, **kwargs)
           ^^^^^^^^^^^^^^^^^^^^^^^^^^^^^
  File "/home/jl5824/pfs-neural-net/gnn.py", line 178, in forward
    return self.edge_mlp(h)
           ^^^^^^^^^^^^^^^^
  File "/home/jl5824/.conda/envs/torch-gnn/lib/python3.12/site-packages/torch/nn/modules/module.py", line 1751, in _wrapped_call_impl
    return self._call_impl(*args, **kwargs)
           ^^^^^^^^^^^^^^^^^^^^^^^^^^^^^^^^
  File "/home/jl5824/.conda/envs/torch-gnn/lib/python3.12/site-packages/torch/nn/modules/module.py", line 1762, in _call_impl
    return forward_call(*args, **kwargs)
           ^^^^^^^^^^^^^^^^^^^^^^^^^^^^^
  File "/home/jl5824/.conda/envs/torch-gnn/lib/python3.12/site-packages/torch/nn/modules/container.py", line 240, in forward
    input = module(input)
            ^^^^^^^^^^^^^
  File "/home/jl5824/.conda/envs/torch-gnn/lib/python3.12/site-packages/torch/nn/modules/module.py", line 1751, in _wrapped_call_impl
    return self._call_impl(*args, **kwargs)
           ^^^^^^^^^^^^^^^^^^^^^^^^^^^^^^^^
  File "/home/jl5824/.conda/envs/torch-gnn/lib/python3.12/site-packages/torch/nn/modules/module.py", line 1762, in _call_impl
    return forward_call(*args, **kwargs)
           ^^^^^^^^^^^^^^^^^^^^^^^^^^^^^
  File "/home/jl5824/.conda/envs/torch-gnn/lib/python3.12/site-packages/torch/nn/modules/linear.py", line 125, in forward
    return F.linear(input, self.weight, self.bias)
           ^^^^^^^^^^^^^^^^^^^^^^^^^^^^^^^^^^^^^^^
RuntimeError: mat1 and mat2 shapes cannot be multiplied (24000x32 and 35x10)
