e_t (24000): {0, 1, 2, 3, 4, 5, 6, 7, 8, 9, 10, 11}
edge_attr (torch.Size([24000, 10])): tensor([[0., 0., 0.,  ..., 0., 0., 0.],
        [0., 0., 0.,  ..., 0., 0., 0.],
        [0., 0., 0.,  ..., 0., 0., 0.],
        ...,
        [0., 0., 0.,  ..., 0., 0., 0.],
        [0., 0., 0.,  ..., 0., 0., 0.],
        [0., 0., 0.,  ..., 0., 0., 0.]])
SLURM ID: 0
Start Pre-Training
No pre-trained checkpoint found.

EDGE MODEL FORWARD
src (torch.Size([24000])): tensor([   0,    0,    0,  ..., 1999, 1999, 1999], device='cuda:0')
tgt (torch.Size([24000])): tensor([0, 1, 2,  ..., 7, 8, 9], device='cuda:0')
x_s (torch.Size([2000, 10])): tensor([[ 0.3598, -0.4639, -0.2084,  ...,  0.5591,  1.0593, -2.3311],
        [ 0.0417, -0.5967,  0.3852,  ...,  0.9272, -0.0065, -0.2710],
        [-1.1164,  0.0797, -1.6919,  ..., -0.6595,  0.8370, -0.3636],
        ...,
        [-1.0302,  1.2638, -1.1864,  ...,  0.9851,  0.8775, -0.6305],
        [-0.9688,  1.0526,  0.1686,  ...,  0.8917, -0.5311,  0.3611],
        [ 2.2197, -0.0209,  1.7367,  ...,  0.8078,  0.6444, -0.5893]],
       device='cuda:0')
x_t (torch.Size([12, 2])): tensor([[2.0000e+00, 6.8200e+04],
        [2.0000e+00, 6.9300e+04],
        [2.0000e+00, 9.6300e+04],
        [1.2000e+01, 1.4400e+04],
        [6.0000e+00, 2.2000e+04],
        [6.0000e+00, 8.3000e+03],
        [1.2000e+01, 1.4000e+04],
        [6.0000e+00, 2.2000e+04],
        [3.0000e+00, 7.4000e+03],
        [6.0000e+00, 4.5000e+03],
        [1.2000e+01, 2.8000e+03],
        [8.0000e+00, 9.7000e+03]], device='cuda:0')
edge_attr (torch.Size([24000, 10])): tensor([[0., 0., 0.,  ..., 0., 0., 0.],
        [0., 0., 0.,  ..., 0., 0., 0.],
        [0., 0., 0.,  ..., 0., 0., 0.],
        ...,
        [0., 0., 0.,  ..., 0., 0., 0.],
        [0., 0., 0.,  ..., 0., 0., 0.],
        [0., 0., 0.,  ..., 0., 0., 0.]], device='cuda:0')
u (torch.Size([1, 10])): tensor([[0., 0., 0., 0., 0., 0., 0., 0., 0., 0.]], device='cuda:0')
h (torch.Size([24000, 32]))
x_s[src] (torch.Size([24000, 10]))
x_t[tgt] (torch.Size([24000, 2]))
edge_attr (torch.Size([24000, 10]))
u[batch_e] torch.Size([24000, 10])

EDGE MODEL FORWARD
src (torch.Size([24000])): tensor([   0,    0,    0,  ..., 1999, 1999, 1999], device='cuda:0')
tgt (torch.Size([24000])): tensor([0, 1, 2,  ..., 7, 8, 9], device='cuda:0')
x_s (torch.Size([2000, 10])): tensor([[-1.4017, -0.5539,  0.1048,  ..., -1.3549, -1.1723,  1.0840],
        [-0.1000,  0.0886,  0.0336,  ..., -0.4282, -0.1124,  0.1635],
        [-1.5673, -0.2059,  0.1335,  ...,  0.9347,  0.8510,  0.7637],
        ...,
        [-1.5612, -1.6929,  2.5906,  ..., -1.9208, -0.4671,  2.5466],
        [-0.3107,  0.7243,  0.8094,  ..., -0.7686,  0.6858,  0.5637],
        [ 1.0673, -0.4513,  0.3556,  ..., -3.1144, -2.7886,  0.3507]],
       device='cuda:0', grad_fn=<NativeBatchNormBackward0>)
x_t (torch.Size([12, 2])): tensor([[ 1.3271,  1.3366],
        [ 1.3646,  1.3730],
        [ 2.2853,  2.2647],
        [-0.4656, -0.4602],
        [-0.2217, -0.2019],
        [-0.6615, -0.6675],
        [-0.4784, -0.4738],
        [-0.2217, -0.2019],
        [-0.6904, -0.6980],
        [-0.7834, -0.7966],
        [-0.8380, -0.8544],
        [-0.6165, -0.6199]], device='cuda:0',
       grad_fn=<NativeBatchNormBackward0>)
edge_attr (torch.Size([24000, 10])): tensor([[ 1.3336, -1.3335, -1.3337,  ..., -1.3337,  1.3335, -1.3337],
        [ 1.3704, -1.3702, -1.3704,  ..., -1.3704,  1.3702, -1.3704],
        [ 2.2715, -2.2713, -2.2716,  ..., -2.2715,  2.2713, -2.2716],
        ...,
        [-0.2084,  0.2082,  0.2084,  ...,  0.2081, -0.2082,  0.2085],
        [-0.6958,  0.6954,  0.6959,  ...,  0.6953, -0.6954,  0.6959],
        [-0.7925,  0.7922,  0.7926,  ...,  0.7921, -0.7923,  0.7926]],
       device='cuda:0', grad_fn=<NativeBatchNormBackward0>)
u (torch.Size([1, 10])): tensor([[  27.0203,  307.0965,  308.3502,   64.4437,  681.2731,  109.0900,
          258.7151,  142.5151,  748.7217, -318.0253]], device='cuda:0',
       grad_fn=<AddmmBackward0>)
h (torch.Size([24000, 32]))
x_s[src] (torch.Size([24000, 10]))
x_t[tgt] (torch.Size([24000, 2]))
edge_attr (torch.Size([24000, 10]))
u[batch_e] torch.Size([24000, 10])

EDGE MODEL FORWARD
src (torch.Size([24000])): tensor([   0,    0,    0,  ..., 1999, 1999, 1999], device='cuda:0')
tgt (torch.Size([24000])): tensor([0, 1, 2,  ..., 7, 8, 9], device='cuda:0')
x_s (torch.Size([2000, 10])): tensor([[-0.1536,  0.1561, -0.1680,  ..., -0.1385,  0.1394,  0.2415],
        [-0.0389,  0.0365, -0.0853,  ..., -0.0731,  0.0400, -0.0118],
        [-0.1450,  0.1939, -0.1498,  ..., -0.1426,  0.1332,  0.2064],
        ...,
        [-0.1559,  0.1365, -0.1966,  ..., -0.1343,  0.1603,  0.3078],
        [-0.1455,  0.1379, -0.1463,  ..., -0.1441,  0.1501,  0.1587],
        [-0.1559,  0.0981, -0.1670,  ..., -0.1426,  0.1660,  0.1565]],
       device='cuda:0', grad_fn=<NativeBatchNormBackward0>)
x_t (torch.Size([12, 2])): tensor([[-1.3330, -1.3355],
        [-1.3705, -1.3716],
        [-2.2645, -2.2675],
        [ 0.4597,  0.4599],
        [ 0.2034,  0.2050],
        [ 0.6661,  0.6675],
        [ 0.4711,  0.4728],
        [ 0.2041,  0.2053],
        [ 0.6998,  0.6982],
        [ 0.7931,  0.7954],
        [ 0.8534,  0.8517],
        [ 0.6180,  0.6191]], device='cuda:0',
       grad_fn=<NativeBatchNormBackward0>)
edge_attr (torch.Size([24000, 10])): tensor([[-0.2625,  0.1155, -1.7434,  ...,  2.1025, -1.9057, -1.9713],
        [-0.2907,  0.0935, -1.7565,  ...,  2.1356, -1.9400, -2.0036],
        [-0.9834, -0.4465, -2.0770,  ...,  2.9460, -2.7800, -2.7934],
        ...,
        [ 1.7676,  0.4081, -0.0282,  ...,  0.9476, -0.7989, -1.3662],
        [ 2.1451,  0.7005,  0.1473,  ...,  0.5100, -0.3474, -0.9391],
        [ 2.2201,  0.7584,  0.1821,  ...,  0.4233, -0.2578, -0.8543]],
       device='cuda:0', grad_fn=<NativeBatchNormBackward0>)
u (torch.Size([1, 10])): tensor([[ -590.2914,   569.5361,   753.8585,  -219.0450,  -560.0273, -1205.0774,
             6.5353,   142.4357,  -268.1626,  1153.0719]], device='cuda:0',
       grad_fn=<AddmmBackward0>)
h (torch.Size([24000, 32]))
x_s[src] (torch.Size([24000, 10]))
x_t[tgt] (torch.Size([24000, 2]))
edge_attr (torch.Size([24000, 10]))
u[batch_e] torch.Size([24000, 10])

EDGE MODEL FORWARD
src (torch.Size([24000])): tensor([   0,    0,    0,  ..., 1999, 1999, 1999], device='cuda:0')
tgt (torch.Size([24000])): tensor([0, 1, 2,  ..., 7, 8, 9], device='cuda:0')
x_s (torch.Size([2000, 10])): tensor([[-0.0096,  0.1445,  0.0829,  ...,  0.1872, -0.1294,  0.0707],
        [ 0.0669,  0.3757,  0.0076,  ..., -0.3213,  0.0212,  0.1004],
        [ 0.1790, -0.1232, -0.0112,  ..., -0.5133, -0.0523, -0.0405],
        ...,
        [-0.5861,  0.4866,  0.2728,  ...,  1.9760, -0.3225,  0.3108],
        [ 0.0464,  0.0353,  0.0163,  ...,  0.1908, -0.0831,  0.0156],
        [-0.2002,  0.3181,  0.1982,  ...,  0.2452, -0.1774,  0.1966]],
       device='cuda:0', grad_fn=<NativeBatchNormBackward0>)
x_t (torch.Size([12, 2])): tensor([[-1.3549,  1.3320],
        [-1.3674,  1.3696],
        [-2.2132,  2.2741],
        [ 0.4285, -0.4627],
        [ 0.1668, -0.2110],
        [ 0.6864, -0.6648],
        [ 0.4389, -0.4758],
        [ 0.1742, -0.2110],
        [ 0.7202, -0.6948],
        [ 0.8079, -0.7909],
        [ 0.9005, -0.8466],
        [ 0.6121, -0.6182]], device='cuda:0',
       grad_fn=<NativeBatchNormBackward0>)
edge_attr (torch.Size([24000, 10])): tensor([[ 0.5790, -0.1921,  1.9461,  ..., -1.3641, -0.7861,  1.6808],
        [ 0.6118, -0.2101,  1.9746,  ..., -1.3674, -0.8134,  1.7128],
        [ 1.4135, -0.6387,  2.6731,  ..., -1.4610, -1.4842,  2.4927],
        ...,
        [-1.3763,  1.6249,  1.6616,  ..., -2.3573,  0.0951,  1.4800],
        [-1.8128,  1.8556,  1.2900,  ..., -2.3131,  0.4597,  1.0629],
        [-1.8985,  1.9000,  1.2164,  ..., -2.3024,  0.5293,  0.9808]],
       device='cuda:0', grad_fn=<NativeBatchNormBackward0>)
u (torch.Size([1, 10])): tensor([[  98.3392,   55.3529,  191.0178, -152.6546,  106.9546,  -88.2842,
          177.5543, -199.9727, -275.8479,  -48.4344]], device='cuda:0',
       grad_fn=<AddmmBackward0>)
h (torch.Size([24000, 32]))
x_s[src] (torch.Size([24000, 10]))
x_t[tgt] (torch.Size([24000, 2]))
edge_attr (torch.Size([24000, 10]))
u[batch_e] torch.Size([24000, 10])
Pre-Train Batch 0: Loss=-0.0311, Utility=0.0311
Pre-Training Finished
Start Training
No checkpoint found, using pre-trained model.

EDGE MODEL FORWARD
src (torch.Size([24000])): tensor([   0,    0,    0,  ..., 1999, 1999, 1999], device='cuda:0')
tgt (torch.Size([24000])): tensor([0, 1, 2,  ..., 7, 8, 9], device='cuda:0')
x_s (torch.Size([2000, 10])): tensor([[ 0.3598, -0.4639, -0.2084,  ...,  0.5591,  1.0593, -2.3311],
        [ 0.0417, -0.5967,  0.3852,  ...,  0.9272, -0.0065, -0.2710],
        [-1.1164,  0.0797, -1.6919,  ..., -0.6595,  0.8370, -0.3636],
        ...,
        [-1.0302,  1.2638, -1.1864,  ...,  0.9851,  0.8775, -0.6305],
        [-0.9688,  1.0526,  0.1686,  ...,  0.8917, -0.5311,  0.3611],
        [ 2.2197, -0.0209,  1.7367,  ...,  0.8078,  0.6444, -0.5893]],
       device='cuda:0')
x_t (torch.Size([12, 2])): tensor([[2.0000e+00, 6.8200e+04],
        [2.0000e+00, 6.9300e+04],
        [2.0000e+00, 9.6300e+04],
        [1.2000e+01, 1.4400e+04],
        [6.0000e+00, 2.2000e+04],
        [6.0000e+00, 8.3000e+03],
        [1.2000e+01, 1.4000e+04],
        [6.0000e+00, 2.2000e+04],
        [3.0000e+00, 7.4000e+03],
        [6.0000e+00, 4.5000e+03],
        [1.2000e+01, 2.8000e+03],
        [8.0000e+00, 9.7000e+03]], device='cuda:0')
edge_attr (torch.Size([24000, 10])): tensor([[0., 0., 0.,  ..., 0., 0., 0.],
        [0., 0., 0.,  ..., 0., 0., 0.],
        [0., 0., 0.,  ..., 0., 0., 0.],
        ...,
        [0., 0., 0.,  ..., 0., 0., 0.],
        [0., 0., 0.,  ..., 0., 0., 0.],
        [0., 0., 0.,  ..., 0., 0., 0.]], device='cuda:0')
u (torch.Size([1, 10])): tensor([[0., 0., 0., 0., 0., 0., 0., 0., 0., 0.]], device='cuda:0')
h (torch.Size([24000, 32]))
x_s[src] (torch.Size([24000, 10]))
x_t[tgt] (torch.Size([24000, 2]))
edge_attr (torch.Size([24000, 10]))
u[batch_e] torch.Size([24000, 10])

EDGE MODEL FORWARD
src (torch.Size([24000])): tensor([   0,    0,    0,  ..., 1999, 1999, 1999], device='cuda:0')
tgt (torch.Size([24000])): tensor([0, 1, 2,  ..., 7, 8, 9], device='cuda:0')
x_s (torch.Size([2000, 10])): tensor([[-1.4018, -0.5539,  0.1051,  ..., -1.3549, -1.1721,  1.0841],
        [-0.1000,  0.0886,  0.0336,  ..., -0.4282, -0.1122,  0.1635],
        [-1.5673, -0.2059,  0.1335,  ...,  0.9347,  0.8510,  0.7637],
        ...,
        [-1.5612, -1.6928,  2.5906,  ..., -1.9208, -0.4673,  2.5464],
        [-0.3107,  0.7242,  0.8094,  ..., -0.7682,  0.6859,  0.5636],
        [ 1.0678, -0.4509,  0.3553,  ..., -3.1148, -2.7888,  0.3504]],
       device='cuda:0', grad_fn=<NativeBatchNormBackward0>)
x_t (torch.Size([12, 2])): tensor([[ 1.3271,  1.3366],
        [ 1.3646,  1.3730],
        [ 2.2853,  2.2647],
        [-0.4656, -0.4602],
        [-0.2217, -0.2019],
        [-0.6615, -0.6675],
        [-0.4784, -0.4738],
        [-0.2217, -0.2019],
        [-0.6904, -0.6980],
        [-0.7834, -0.7966],
        [-0.8380, -0.8544],
        [-0.6165, -0.6199]], device='cuda:0',
       grad_fn=<NativeBatchNormBackward0>)
edge_attr (torch.Size([24000, 10])): tensor([[ 1.3336, -1.3335, -1.3337,  ..., -1.3337,  1.3335, -1.3337],
        [ 1.3704, -1.3702, -1.3704,  ..., -1.3704,  1.3702, -1.3704],
        [ 2.2715, -2.2713, -2.2716,  ..., -2.2715,  2.2713, -2.2716],
        ...,
        [-0.2084,  0.2082,  0.2084,  ...,  0.2081, -0.2082,  0.2085],
        [-0.6958,  0.6954,  0.6959,  ...,  0.6953, -0.6954,  0.6959],
        [-0.7925,  0.7922,  0.7926,  ...,  0.7921, -0.7923,  0.7926]],
       device='cuda:0', grad_fn=<NativeBatchNormBackward0>)
u (torch.Size([1, 10])): tensor([[  27.0203,  307.0964,  308.3501,   64.4437,  681.2729,  109.0899,
          258.7151,  142.5150,  748.7214, -318.0251]], device='cuda:0',
       grad_fn=<AddmmBackward0>)
h (torch.Size([24000, 32]))
x_s[src] (torch.Size([24000, 10]))
x_t[tgt] (torch.Size([24000, 2]))
edge_attr (torch.Size([24000, 10]))
u[batch_e] torch.Size([24000, 10])

EDGE MODEL FORWARD
src (torch.Size([24000])): tensor([   0,    0,    0,  ..., 1999, 1999, 1999], device='cuda:0')
tgt (torch.Size([24000])): tensor([0, 1, 2,  ..., 7, 8, 9], device='cuda:0')
x_s (torch.Size([2000, 10])): tensor([[-0.1503,  0.1532, -0.1652,  ..., -0.1358,  0.1359,  0.2363],
        [-0.1473,  0.1241, -0.1461,  ..., -0.1408,  0.1447,  0.1583],
        [-0.1425,  0.1912, -0.1474,  ..., -0.1402,  0.1304,  0.2054],
        ...,
        [-0.1424,  0.1245, -0.1869,  ..., -0.1251,  0.1459,  0.2813],
        [-0.0260,  0.0399, -0.0768,  ..., -0.0682,  0.0337, -0.0307],
        [-0.1650,  0.1047, -0.1726,  ..., -0.1474,  0.1758,  0.1764]],
       device='cuda:0', grad_fn=<NativeBatchNormBackward0>)
x_t (torch.Size([12, 2])): tensor([[-1.3348, -1.3357],
        [-1.3722, -1.3722],
        [-2.2622, -2.2670],
        [ 0.4604,  0.4602],
        [ 0.2048,  0.2048],
        [ 0.6675,  0.6667],
        [ 0.4701,  0.4726],
        [ 0.2045,  0.2046],
        [ 0.6992,  0.6987],
        [ 0.7937,  0.7953],
        [ 0.8505,  0.8518],
        [ 0.6197,  0.6196]], device='cuda:0',
       grad_fn=<NativeBatchNormBackward0>)
edge_attr (torch.Size([24000, 10])): tensor([[-0.2624,  0.1156, -1.7435,  ...,  2.1025, -1.9058, -1.9714],
        [-0.2906,  0.0936, -1.7566,  ...,  2.1355, -1.9400, -2.0036],
        [-0.9834, -0.4464, -2.0771,  ...,  2.9459, -2.7800, -2.7934],
        ...,
        [ 1.7677,  0.4078, -0.0280,  ...,  0.9476, -0.7989, -1.3665],
        [ 2.1451,  0.7001,  0.1476,  ...,  0.5100, -0.3475, -0.9393],
        [ 2.2201,  0.7581,  0.1823,  ...,  0.4234, -0.2578, -0.8546]],
       device='cuda:0', grad_fn=<NativeBatchNormBackward0>)
u (torch.Size([1, 10])): tensor([[ -590.3417,   569.5803,   753.9181,  -219.0644,  -560.0739, -1205.1755,
             6.5329,   142.4479,  -268.1888,  1153.1649]], device='cuda:0',
       grad_fn=<AddmmBackward0>)
h (torch.Size([24000, 32]))
x_s[src] (torch.Size([24000, 10]))
x_t[tgt] (torch.Size([24000, 2]))
edge_attr (torch.Size([24000, 10]))
u[batch_e] torch.Size([24000, 10])

EDGE MODEL FORWARD
src (torch.Size([24000])): tensor([   0,    0,    0,  ..., 1999, 1999, 1999], device='cuda:0')
tgt (torch.Size([24000])): tensor([0, 1, 2,  ..., 7, 8, 9], device='cuda:0')
x_s (torch.Size([2000, 10])): tensor([[-0.0286,  0.2640,  0.1367,  ..., -0.2565, -0.1145,  0.1399],
        [-0.2595,  0.3616,  0.1658,  ...,  0.4460, -0.1648,  0.2290],
        [-0.1155,  0.0210,  0.1710,  ..., -0.5896, -0.1428,  0.1408],
        ...,
        [ 0.0568,  0.2041,  0.0269,  ...,  0.5069, -0.0807,  0.0428],
        [-0.0594,  0.2723,  0.0799,  ..., -0.2847, -0.0467,  0.1169],
        [-0.0620,  0.2882,  0.1277,  ...,  0.1953, -0.1437,  0.1311]],
       device='cuda:0', grad_fn=<NativeBatchNormBackward0>)
x_t (torch.Size([12, 2])): tensor([[-1.3544,  1.3324],
        [-1.3906,  1.3692],
        [-2.2003,  2.2741],
        [ 0.4438, -0.4626],
        [ 0.1721, -0.2112],
        [ 0.6710, -0.6648],
        [ 0.4483, -0.4756],
        [ 0.1640, -0.2113],
        [ 0.7263, -0.6947],
        [ 0.8060, -0.7908],
        [ 0.8864, -0.8464],
        [ 0.6251, -0.6185]], device='cuda:0',
       grad_fn=<NativeBatchNormBackward0>)
edge_attr (torch.Size([24000, 10])): tensor([[ 0.5791, -0.1912,  1.9429,  ..., -1.3749, -0.7870,  1.6801],
        [ 0.6118, -0.2090,  1.9712,  ..., -1.3783, -0.8146,  1.7119],
        [ 1.4121, -0.6359,  2.6686,  ..., -1.4742, -1.4824,  2.4913],
        ...,
        [-1.3741,  1.6221,  1.6620,  ..., -2.3759,  0.1052,  1.4856],
        [-1.8103,  1.8521,  1.2909,  ..., -2.3308,  0.4701,  1.0688],
        [-1.8961,  1.8967,  1.2174,  ..., -2.3206,  0.5397,  0.9865]],
       device='cuda:0', grad_fn=<NativeBatchNormBackward0>)
u (torch.Size([1, 10])): tensor([[  98.3468,   55.3582,  191.0338, -152.6664,  106.9635,  -88.2906,
          177.5686, -199.9889, -275.8703,  -48.4389]], device='cuda:0',
       grad_fn=<AddmmBackward0>)
h (torch.Size([24000, 32]))
x_s[src] (torch.Size([24000, 10]))
x_t[tgt] (torch.Size([24000, 2]))
edge_attr (torch.Size([24000, 10]))
u[batch_e] torch.Size([24000, 10])
Train Batch 0: Loss=-0.0311, Utility=0.0311
Training Finished
Evaluation Results:

EDGE MODEL FORWARD
src (torch.Size([24000])): tensor([   0,    0,    0,  ..., 1999, 1999, 1999], device='cuda:0')
tgt (torch.Size([24000])): tensor([0, 1, 2,  ..., 7, 8, 9], device='cuda:0')
x_s (torch.Size([2000, 10])): tensor([[ 0.3598, -0.4639, -0.2084,  ...,  0.5591,  1.0593, -2.3311],
        [ 0.0417, -0.5967,  0.3852,  ...,  0.9272, -0.0065, -0.2710],
        [-1.1164,  0.0797, -1.6919,  ..., -0.6595,  0.8370, -0.3636],
        ...,
        [-1.0302,  1.2638, -1.1864,  ...,  0.9851,  0.8775, -0.6305],
        [-0.9688,  1.0526,  0.1686,  ...,  0.8917, -0.5311,  0.3611],
        [ 2.2197, -0.0209,  1.7367,  ...,  0.8078,  0.6444, -0.5893]],
       device='cuda:0')
x_t (torch.Size([12, 2])): tensor([[2.0000e+00, 6.8200e+04],
        [2.0000e+00, 6.9300e+04],
        [2.0000e+00, 9.6300e+04],
        [1.2000e+01, 1.4400e+04],
        [6.0000e+00, 2.2000e+04],
        [6.0000e+00, 8.3000e+03],
        [1.2000e+01, 1.4000e+04],
        [6.0000e+00, 2.2000e+04],
        [3.0000e+00, 7.4000e+03],
        [6.0000e+00, 4.5000e+03],
        [1.2000e+01, 2.8000e+03],
        [8.0000e+00, 9.7000e+03]], device='cuda:0')
edge_attr (torch.Size([24000, 10])): tensor([[0., 0., 0.,  ..., 0., 0., 0.],
        [0., 0., 0.,  ..., 0., 0., 0.],
        [0., 0., 0.,  ..., 0., 0., 0.],
        ...,
        [0., 0., 0.,  ..., 0., 0., 0.],
        [0., 0., 0.,  ..., 0., 0., 0.],
        [0., 0., 0.,  ..., 0., 0., 0.]], device='cuda:0')
u (torch.Size([1, 10])): tensor([[0., 0., 0., 0., 0., 0., 0., 0., 0., 0.]], device='cuda:0')
h (torch.Size([24000, 32]))
x_s[src] (torch.Size([24000, 10]))
x_t[tgt] (torch.Size([24000, 2]))
edge_attr (torch.Size([24000, 10]))
u[batch_e] torch.Size([24000, 10])

EDGE MODEL FORWARD
src (torch.Size([24000])): tensor([   0,    0,    0,  ..., 1999, 1999, 1999], device='cuda:0')
tgt (torch.Size([24000])): tensor([0, 1, 2,  ..., 7, 8, 9], device='cuda:0')
x_s (torch.Size([2000, 10])): tensor([[-1.4018, -0.5539,  0.1051,  ..., -1.3549, -1.1721,  1.0841],
        [-0.1002,  0.0883,  0.0333,  ..., -0.4278, -0.1124,  0.1634],
        [-1.5673, -0.2059,  0.1335,  ...,  0.9346,  0.8510,  0.7637],
        ...,
        [-1.5615, -1.6930,  2.5906,  ..., -1.9204, -0.4669,  2.5466],
        [-0.3107,  0.7243,  0.8094,  ..., -0.7686,  0.6859,  0.5637],
        [ 1.0675, -0.4512,  0.3553,  ..., -3.1144, -2.7889,  0.3507]],
       device='cuda:0', grad_fn=<NativeBatchNormBackward0>)
x_t (torch.Size([12, 2])): tensor([[ 1.3271,  1.3366],
        [ 1.3646,  1.3730],
        [ 2.2853,  2.2647],
        [-0.4656, -0.4602],
        [-0.2217, -0.2019],
        [-0.6615, -0.6675],
        [-0.4784, -0.4738],
        [-0.2217, -0.2019],
        [-0.6904, -0.6980],
        [-0.7834, -0.7966],
        [-0.8380, -0.8544],
        [-0.6165, -0.6199]], device='cuda:0',
       grad_fn=<NativeBatchNormBackward0>)
edge_attr (torch.Size([24000, 10])): tensor([[ 1.3336, -1.3335, -1.3337,  ..., -1.3337,  1.3335, -1.3337],
        [ 1.3704, -1.3702, -1.3704,  ..., -1.3704,  1.3702, -1.3704],
        [ 2.2715, -2.2713, -2.2716,  ..., -2.2715,  2.2713, -2.2716],
        ...,
        [-0.2084,  0.2082,  0.2084,  ...,  0.2081, -0.2082,  0.2085],
        [-0.6958,  0.6954,  0.6959,  ...,  0.6953, -0.6954,  0.6959],
        [-0.7925,  0.7922,  0.7926,  ...,  0.7921, -0.7923,  0.7926]],
       device='cuda:0', grad_fn=<NativeBatchNormBackward0>)
u (torch.Size([1, 10])): tensor([[  27.0204,  307.0965,  308.3502,   64.4437,  681.2733,  109.0900,
          258.7151,  142.5152,  748.7219, -318.0253]], device='cuda:0',
       grad_fn=<AddmmBackward0>)
h (torch.Size([24000, 32]))
x_s[src] (torch.Size([24000, 10]))
x_t[tgt] (torch.Size([24000, 2]))
edge_attr (torch.Size([24000, 10]))
u[batch_e] torch.Size([24000, 10])

EDGE MODEL FORWARD
src (torch.Size([24000])): tensor([   0,    0,    0,  ..., 1999, 1999, 1999], device='cuda:0')
tgt (torch.Size([24000])): tensor([0, 1, 2,  ..., 7, 8, 9], device='cuda:0')
x_s (torch.Size([2000, 10])): tensor([[-0.1155,  0.1208, -0.1374,  ..., -0.1030,  0.0976,  0.2047],
        [-0.1325,  0.1044, -0.1287,  ..., -0.1218,  0.1303,  0.1552],
        [-0.1186,  0.1776, -0.1247,  ..., -0.1158,  0.1039,  0.1946],
        ...,
        [-0.0951,  0.0772, -0.1579,  ..., -0.0832,  0.0993,  0.2454],
        [-0.1261,  0.1181, -0.1256,  ..., -0.1223,  0.1323,  0.1492],
        [-0.1457,  0.0742, -0.1551,  ..., -0.1247,  0.1589,  0.1600]],
       device='cuda:0', grad_fn=<NativeBatchNormBackward0>)
x_t (torch.Size([12, 2])): tensor([[-1.3326, -1.3350],
        [-1.3714, -1.3722],
        [-2.2633, -2.2673],
        [ 0.4597,  0.4598],
        [ 0.2023,  0.2043],
        [ 0.6685,  0.6678],
        [ 0.4717,  0.4730],
        [ 0.2021,  0.2043],
        [ 0.7013,  0.6987],
        [ 0.7932,  0.7952],
        [ 0.8515,  0.8518],
        [ 0.6196,  0.6196]], device='cuda:0',
       grad_fn=<NativeBatchNormBackward0>)
edge_attr (torch.Size([24000, 10])): tensor([[-0.2624,  0.1156, -1.7436,  ...,  2.1025, -1.9057, -1.9714],
        [-0.2907,  0.0936, -1.7567,  ...,  2.1356, -1.9400, -2.0036],
        [-0.9834, -0.4464, -2.0771,  ...,  2.9459, -2.7800, -2.7934],
        ...,
        [ 1.7676,  0.4078, -0.0280,  ...,  0.9476, -0.7989, -1.3664],
        [ 2.1451,  0.7002,  0.1475,  ...,  0.5100, -0.3474, -0.9393],
        [ 2.2201,  0.7581,  0.1823,  ...,  0.4234, -0.2578, -0.8545]],
       device='cuda:0', grad_fn=<NativeBatchNormBackward0>)
u (torch.Size([1, 10])): tensor([[ -590.9778,   570.1435,   754.6612,  -219.2969,  -560.6517, -1206.3993,
             6.5003,   142.5971,  -268.5179,  1154.3319]], device='cuda:0',
       grad_fn=<AddmmBackward0>)
h (torch.Size([24000, 32]))
x_s[src] (torch.Size([24000, 10]))
x_t[tgt] (torch.Size([24000, 2]))
edge_attr (torch.Size([24000, 10]))
u[batch_e] torch.Size([24000, 10])

EDGE MODEL FORWARD
src (torch.Size([24000])): tensor([   0,    0,    0,  ..., 1999, 1999, 1999], device='cuda:0')
tgt (torch.Size([24000])): tensor([0, 1, 2,  ..., 7, 8, 9], device='cuda:0')
x_s (torch.Size([2000, 10])): tensor([[ 0.1130,  0.1266,  0.0170,  ..., -0.0155, -0.0578,  0.0126],
        [-0.3299,  0.1780,  0.1993,  ...,  0.5138, -0.2032,  0.1982],
        [-0.0928,  0.1171,  0.1536,  ..., -0.4216, -0.1353,  0.1275],
        ...,
        [-0.1465,  0.4234,  0.0838,  ...,  1.0245, -0.0956,  0.1505],
        [ 0.0506, -0.1188,  0.0021,  ...,  0.2956, -0.0955, -0.0441],
        [-0.2111,  0.4635,  0.1969,  ...,  0.2826, -0.1549,  0.2389]],
       device='cuda:0', grad_fn=<NativeBatchNormBackward0>)
x_t (torch.Size([12, 2])): tensor([[-1.3416,  1.3321],
        [-1.3917,  1.3694],
        [-2.2078,  2.2740],
        [ 0.4360, -0.4625],
        [ 0.1657, -0.2105],
        [ 0.6862, -0.6649],
        [ 0.4676, -0.4755],
        [ 0.1571, -0.2107],
        [ 0.7247, -0.6953],
        [ 0.8117, -0.7908],
        [ 0.8641, -0.8469],
        [ 0.6280, -0.6184]], device='cuda:0',
       grad_fn=<NativeBatchNormBackward0>)
edge_attr (torch.Size([24000, 10])): tensor([[ 0.5785, -0.1639,  1.9395,  ..., -1.3839, -0.7833,  1.6776],
        [ 0.6118, -0.1821,  1.9679,  ..., -1.3867, -0.8120,  1.7097],
        [ 1.4124, -0.6076,  2.6655,  ..., -1.4810, -1.4811,  2.4904],
        ...,
        [-1.3726,  1.6329,  1.6599,  ..., -2.3706,  0.1107,  1.4844],
        [-1.8096,  1.8633,  1.2887,  ..., -2.3277,  0.4778,  1.0665],
        [-1.8950,  1.9070,  1.2152,  ..., -2.3165,  0.5463,  0.9844]],
       device='cuda:0', grad_fn=<NativeBatchNormBackward0>)
u (torch.Size([1, 10])): tensor([[  98.4451,   55.4188,  191.2333, -152.8197,  107.0725,  -88.3755,
          177.7499, -200.1950, -276.1531,  -48.4912]], device='cuda:0',
       grad_fn=<AddmmBackward0>)
h (torch.Size([24000, 32]))
x_s[src] (torch.Size([24000, 10]))
x_t[tgt] (torch.Size([24000, 2]))
edge_attr (torch.Size([24000, 10]))
u[batch_e] torch.Size([24000, 10])
Eval Batch 0: Loss=-0.0311, Utility=0.0311
