e_t (24000): {0, 1, 2, 3, 4, 5, 6, 7, 8, 9, 10, 11}
edge_attr (torch.Size([24000, 10])): tensor([[0., 0., 0.,  ..., 0., 0., 0.],
        [0., 0., 0.,  ..., 0., 0., 0.],
        [0., 0., 0.,  ..., 0., 0., 0.],
        ...,
        [0., 0., 0.,  ..., 0., 0., 0.],
        [0., 0., 0.,  ..., 0., 0., 0.],
        [0., 0., 0.,  ..., 0., 0., 0.]])
SLURM ID: 0
Start Pre-Training

EDGE MODEL FORWARD
src (torch.Size([24000])): tensor([   0,    0,    0,  ..., 1999, 1999, 1999], device='cuda:0')
tgt (torch.Size([24000])): tensor([0, 1, 2,  ..., 7, 8, 9], device='cuda:0')
x_s (torch.Size([2000, 10])): tensor([[-1.1840,  2.0862, -0.2978,  ..., -0.0369, -0.2230, -1.3535],
        [-0.8806,  0.1033,  0.3285,  ..., -1.1730, -0.4170, -0.4717],
        [-0.8496,  0.2752, -0.4234,  ..., -1.1773, -1.5904,  0.7376],
        ...,
        [ 0.2134, -0.7837, -1.1203,  ...,  0.6125, -0.3223,  0.9372],
        [ 0.7054,  0.2437, -1.6391,  ...,  1.3576, -1.4632,  1.5679],
        [-1.2992, -0.2375, -1.6256,  ..., -0.5038,  0.6019, -0.6429]],
       device='cuda:0')
x_t (torch.Size([12, 2])): tensor([[2.0000e+00, 6.8200e+04],
        [2.0000e+00, 6.9300e+04],
        [2.0000e+00, 9.6300e+04],
        [1.2000e+01, 1.4400e+04],
        [6.0000e+00, 2.2000e+04],
        [6.0000e+00, 8.3000e+03],
        [1.2000e+01, 1.4000e+04],
        [6.0000e+00, 2.2000e+04],
        [3.0000e+00, 7.4000e+03],
        [6.0000e+00, 4.5000e+03],
        [1.2000e+01, 2.8000e+03],
        [8.0000e+00, 9.7000e+03]], device='cuda:0')
edge_attr (torch.Size([24000, 10])): tensor([[0., 0., 0.,  ..., 0., 0., 0.],
        [0., 0., 0.,  ..., 0., 0., 0.],
        [0., 0., 0.,  ..., 0., 0., 0.],
        ...,
        [0., 0., 0.,  ..., 0., 0., 0.],
        [0., 0., 0.,  ..., 0., 0., 0.],
        [0., 0., 0.,  ..., 0., 0., 0.]], device='cuda:0')
u (torch.Size([1, 10])): tensor([[0., 0., 0., 0., 0., 0., 0., 0., 0., 0.]], device='cuda:0')
h (torch.Size([24000, 32]))
x_s[src] (torch.Size([24000, 10]))
x_t[tgt] (torch.Size([24000, 2]))
edge_attr (torch.Size([24000, 10]))
u[batch_e] torch.Size([24000, 10])

EDGE MODEL FORWARD
src (torch.Size([24000])): tensor([   0,    0,    0,  ..., 1999, 1999, 1999], device='cuda:0')
tgt (torch.Size([24000])): tensor([0, 1, 2,  ..., 7, 8, 9], device='cuda:0')
x_s (torch.Size([2000, 10])): tensor([[-2.1500,  0.3804,  0.4248,  ...,  0.8498,  1.6094,  1.1269],
        [-0.1623,  0.3138, -0.6513,  ...,  0.6444,  0.1578, -0.3534],
        [ 0.4523,  0.4521,  0.2779,  ...,  0.1383,  0.5336, -0.1758],
        ...,
        [ 0.3724,  0.4189,  0.2572,  ...,  0.3576,  0.8411, -0.1564],
        [ 0.5059,  0.8137,  1.6640,  ..., -1.5093,  0.7919,  0.6698],
        [-1.0351,  0.2864,  0.1966,  ...,  0.1112,  0.5392,  0.6157]],
       device='cuda:0', grad_fn=<NativeBatchNormBackward0>)
x_t (torch.Size([12, 2])): tensor([[ 1.3271,  1.3366],
        [ 1.3646,  1.3730],
        [ 2.2853,  2.2647],
        [-0.4656, -0.4602],
        [-0.2217, -0.2019],
        [-0.6615, -0.6675],
        [-0.4784, -0.4738],
        [-0.2217, -0.2019],
        [-0.6904, -0.6980],
        [-0.7834, -0.7966],
        [-0.8380, -0.8544],
        [-0.6165, -0.6199]], device='cuda:0',
       grad_fn=<NativeBatchNormBackward0>)
edge_attr (torch.Size([24000, 10])): tensor([[ 1.3335, -1.3335, -1.3335,  ..., -1.3334,  1.3335, -1.3335],
        [ 1.3702, -1.3702, -1.3702,  ..., -1.3702,  1.3702, -1.3702],
        [ 2.2714, -2.2713, -2.2714,  ..., -2.2712,  2.2713, -2.2715],
        ...,
        [-0.2082,  0.2083,  0.2082,  ...,  0.2082, -0.2083,  0.2082],
        [-0.6956,  0.6955,  0.6956,  ...,  0.6954, -0.6955,  0.6957],
        [-0.7923,  0.7923,  0.7923,  ...,  0.7922, -0.7923,  0.7923]],
       device='cuda:0', grad_fn=<NativeBatchNormBackward0>)
u (torch.Size([1, 10])): tensor([[  27.0203,  307.0964,  308.3499,   64.4440,  681.2729,  109.0899,
          258.7150,  142.5150,  748.7209, -318.0249]], device='cuda:0',
       grad_fn=<AddmmBackward0>)
h (torch.Size([24000, 32]))
x_s[src] (torch.Size([24000, 10]))
x_t[tgt] (torch.Size([24000, 2]))
edge_attr (torch.Size([24000, 10]))
u[batch_e] torch.Size([24000, 10])

EDGE MODEL FORWARD
src (torch.Size([24000])): tensor([   0,    0,    0,  ..., 1999, 1999, 1999], device='cuda:0')
tgt (torch.Size([24000])): tensor([0, 1, 2,  ..., 7, 8, 9], device='cuda:0')
x_s (torch.Size([2000, 10])): tensor([[-0.1317,  0.1975, -0.1394,  ..., -0.1360,  0.1150,  0.1969],
        [-0.1424,  0.1630, -0.1337,  ..., -0.1455,  0.1358,  0.1279],
        [-0.1390,  0.1590, -0.1335,  ..., -0.1475,  0.1477,  0.1006],
        ...,
        [-0.1618,  0.1453, -0.1498,  ..., -0.1573,  0.1690,  0.1551],
        [-0.1473,  0.1414, -0.1501,  ..., -0.1507,  0.1689,  0.1327],
        [-0.1484,  0.1602, -0.1507,  ..., -0.1445,  0.1421,  0.1844]],
       device='cuda:0', grad_fn=<NativeBatchNormBackward0>)
x_t (torch.Size([12, 2])): tensor([[-1.3335, -1.3351],
        [-1.3715, -1.3723],
        [-2.2633, -2.2668],
        [ 0.4586,  0.4598],
        [ 0.2031,  0.2044],
        [ 0.6682,  0.6673],
        [ 0.4700,  0.4731],
        [ 0.2027,  0.2044],
        [ 0.6998,  0.6986],
        [ 0.7956,  0.7954],
        [ 0.8506,  0.8526],
        [ 0.6194,  0.6196]], device='cuda:0',
       grad_fn=<NativeBatchNormBackward0>)
edge_attr (torch.Size([24000, 10])): tensor([[-1.7799, -0.1635, -2.0797,  ...,  0.9328, -1.1443, -0.8666],
        [-1.8083, -0.1856, -2.0927,  ...,  0.9658, -1.1786, -0.8989],
        [-2.5042, -0.7298, -2.4138,  ...,  1.7760, -2.0201, -1.6894],
        ...,
        [ 0.1045,  0.2984, -0.6526,  ..., -0.1238,  0.1582,  0.0369],
        [ 0.4837,  0.5929, -0.4768,  ..., -0.5613,  0.6104,  0.4645],
        [ 0.5590,  0.6513, -0.4419,  ..., -0.6479,  0.7002,  0.5493]],
       device='cuda:0', grad_fn=<NativeBatchNormBackward0>)
u (torch.Size([1, 10])): tensor([[ -590.2258,   569.4780,   753.7818,  -219.0210,  -559.9675, -1204.9513,
             6.5386,   142.4202,  -268.1287,  1152.9514]], device='cuda:0',
       grad_fn=<AddmmBackward0>)
h (torch.Size([24000, 32]))
x_s[src] (torch.Size([24000, 10]))
x_t[tgt] (torch.Size([24000, 2]))
edge_attr (torch.Size([24000, 10]))
u[batch_e] torch.Size([24000, 10])

EDGE MODEL FORWARD
src (torch.Size([24000])): tensor([   0,    0,    0,  ..., 1999, 1999, 1999], device='cuda:0')
tgt (torch.Size([24000])): tensor([0, 1, 2,  ..., 7, 8, 9], device='cuda:0')
x_s (torch.Size([2000, 10])): tensor([[-0.5847,  0.1803,  0.2744,  ...,  1.0043, -0.3026,  0.2842],
        [-0.1265,  0.0291,  0.1062,  ...,  0.0269, -0.1409,  0.0945],
        [ 0.0102, -0.1553,  0.0692,  ..., -0.4197, -0.1013,  0.0165],
        ...,
        [-0.5557,  0.3621,  0.3516,  ...,  0.2043, -0.2844,  0.3719],
        [ 0.0239,  0.0336,  0.1363,  ..., -0.7743, -0.0988,  0.0889],
        [-0.1425,  0.2373,  0.2048,  ..., -0.6812, -0.1311,  0.2116]],
       device='cuda:0', grad_fn=<NativeBatchNormBackward0>)
x_t (torch.Size([12, 2])): tensor([[-1.3380,  1.3325],
        [-1.3831,  1.3695],
        [-2.2098,  2.2738],
        [ 0.4372, -0.4626],
        [ 0.1544, -0.2112],
        [ 0.6786, -0.6648],
        [ 0.4447, -0.4754],
        [ 0.1570, -0.2111],
        [ 0.7244, -0.6950],
        [ 0.8314, -0.7905],
        [ 0.8783, -0.8468],
        [ 0.6247, -0.6184]], device='cuda:0',
       grad_fn=<NativeBatchNormBackward0>)
edge_attr (torch.Size([24000, 10])): tensor([[ 1.8244, -1.7676,  0.4134,  ...,  0.8730, -0.4749,  0.3360],
        [ 1.8575, -1.7856,  0.4420,  ...,  0.8696, -0.5034,  0.3681],
        [ 2.6581, -2.2136,  1.1418,  ...,  0.7733, -1.1708,  1.1496],
        ...,
        [-0.1916, -0.0654, -0.1033,  ...,  0.0592,  0.4461, -0.2032],
        [-0.6283,  0.1658, -0.4757,  ...,  0.1039,  0.8116, -0.6215],
        [-0.7144,  0.2109, -0.5495,  ...,  0.1137,  0.8819, -0.7041]],
       device='cuda:0', grad_fn=<NativeBatchNormBackward0>)
u (torch.Size([1, 10])): tensor([[  98.3289,   55.3470,  190.9973, -152.6385,  106.9434,  -88.2752,
          177.5354, -199.9513, -275.8186,  -48.4291]], device='cuda:0',
       grad_fn=<AddmmBackward0>)
h (torch.Size([24000, 32]))
x_s[src] (torch.Size([24000, 10]))
x_t[tgt] (torch.Size([24000, 2]))
edge_attr (torch.Size([24000, 10]))
u[batch_e] torch.Size([24000, 10])
Pre-Train Batch 0: Loss=-0.0311, Utility=0.0311
Pre-Training Finished
Start Training

EDGE MODEL FORWARD
src (torch.Size([24000])): tensor([   0,    0,    0,  ..., 1999, 1999, 1999], device='cuda:0')
tgt (torch.Size([24000])): tensor([0, 1, 2,  ..., 7, 8, 9], device='cuda:0')
x_s (torch.Size([2000, 10])): tensor([[-1.1840,  2.0862, -0.2978,  ..., -0.0369, -0.2230, -1.3535],
        [-0.8806,  0.1033,  0.3285,  ..., -1.1730, -0.4170, -0.4717],
        [-0.8496,  0.2752, -0.4234,  ..., -1.1773, -1.5904,  0.7376],
        ...,
        [ 0.2134, -0.7837, -1.1203,  ...,  0.6125, -0.3223,  0.9372],
        [ 0.7054,  0.2437, -1.6391,  ...,  1.3576, -1.4632,  1.5679],
        [-1.2992, -0.2375, -1.6256,  ..., -0.5038,  0.6019, -0.6429]],
       device='cuda:0')
x_t (torch.Size([12, 2])): tensor([[2.0000e+00, 6.8200e+04],
        [2.0000e+00, 6.9300e+04],
        [2.0000e+00, 9.6300e+04],
        [1.2000e+01, 1.4400e+04],
        [6.0000e+00, 2.2000e+04],
        [6.0000e+00, 8.3000e+03],
        [1.2000e+01, 1.4000e+04],
        [6.0000e+00, 2.2000e+04],
        [3.0000e+00, 7.4000e+03],
        [6.0000e+00, 4.5000e+03],
        [1.2000e+01, 2.8000e+03],
        [8.0000e+00, 9.7000e+03]], device='cuda:0')
edge_attr (torch.Size([24000, 10])): tensor([[0., 0., 0.,  ..., 0., 0., 0.],
        [0., 0., 0.,  ..., 0., 0., 0.],
        [0., 0., 0.,  ..., 0., 0., 0.],
        ...,
        [0., 0., 0.,  ..., 0., 0., 0.],
        [0., 0., 0.,  ..., 0., 0., 0.],
        [0., 0., 0.,  ..., 0., 0., 0.]], device='cuda:0')
u (torch.Size([1, 10])): tensor([[0., 0., 0., 0., 0., 0., 0., 0., 0., 0.]], device='cuda:0')
h (torch.Size([24000, 32]))
x_s[src] (torch.Size([24000, 10]))
x_t[tgt] (torch.Size([24000, 2]))
edge_attr (torch.Size([24000, 10]))
u[batch_e] torch.Size([24000, 10])

EDGE MODEL FORWARD
src (torch.Size([24000])): tensor([   0,    0,    0,  ..., 1999, 1999, 1999], device='cuda:0')
tgt (torch.Size([24000])): tensor([0, 1, 2,  ..., 7, 8, 9], device='cuda:0')
x_s (torch.Size([2000, 10])): tensor([[-2.1497,  0.3806,  0.4248,  ...,  0.8498,  1.6090,  1.1267],
        [-0.1627,  0.3140, -0.6510,  ...,  0.6448,  0.1582, -0.3533],
        [ 0.4523,  0.4521,  0.2779,  ...,  0.1383,  0.5334, -0.1758],
        ...,
        [ 0.3723,  0.4187,  0.2575,  ...,  0.3576,  0.8409, -0.1563],
        [ 0.5058,  0.8139,  1.6641,  ..., -1.5094,  0.7918,  0.6698],
        [-1.0352,  0.2863,  0.1969,  ...,  0.1108,  0.5390,  0.6162]],
       device='cuda:0', grad_fn=<NativeBatchNormBackward0>)
x_t (torch.Size([12, 2])): tensor([[ 1.3271,  1.3366],
        [ 1.3646,  1.3730],
        [ 2.2853,  2.2647],
        [-0.4656, -0.4602],
        [-0.2217, -0.2019],
        [-0.6615, -0.6675],
        [-0.4784, -0.4738],
        [-0.2217, -0.2019],
        [-0.6904, -0.6980],
        [-0.7834, -0.7966],
        [-0.8380, -0.8544],
        [-0.6165, -0.6199]], device='cuda:0',
       grad_fn=<NativeBatchNormBackward0>)
edge_attr (torch.Size([24000, 10])): tensor([[ 1.3335, -1.3335, -1.3335,  ..., -1.3334,  1.3335, -1.3335],
        [ 1.3702, -1.3702, -1.3702,  ..., -1.3702,  1.3702, -1.3702],
        [ 2.2714, -2.2713, -2.2714,  ..., -2.2712,  2.2713, -2.2715],
        ...,
        [-0.2082,  0.2083,  0.2082,  ...,  0.2082, -0.2083,  0.2082],
        [-0.6956,  0.6955,  0.6956,  ...,  0.6954, -0.6955,  0.6957],
        [-0.7923,  0.7923,  0.7923,  ...,  0.7922, -0.7923,  0.7923]],
       device='cuda:0', grad_fn=<NativeBatchNormBackward0>)
u (torch.Size([1, 10])): tensor([[  27.0203,  307.0964,  308.3499,   64.4440,  681.2731,  109.0899,
          258.7150,  142.5150,  748.7211, -318.0249]], device='cuda:0',
       grad_fn=<AddmmBackward0>)
h (torch.Size([24000, 32]))
x_s[src] (torch.Size([24000, 10]))
x_t[tgt] (torch.Size([24000, 2]))
edge_attr (torch.Size([24000, 10]))
u[batch_e] torch.Size([24000, 10])

EDGE MODEL FORWARD
src (torch.Size([24000])): tensor([   0,    0,    0,  ..., 1999, 1999, 1999], device='cuda:0')
tgt (torch.Size([24000])): tensor([0, 1, 2,  ..., 7, 8, 9], device='cuda:0')
x_s (torch.Size([2000, 10])): tensor([[-0.1318,  0.1974, -0.1393,  ..., -0.1361,  0.1150,  0.1954],
        [-0.1421,  0.1633, -0.1335,  ..., -0.1454,  0.1355,  0.1274],
        [-0.1518,  0.1715, -0.1426,  ..., -0.1557,  0.1620,  0.1260],
        ...,
        [-0.1489,  0.1336, -0.1408,  ..., -0.1492,  0.1550,  0.1293],
        [-0.1443,  0.1384, -0.1481,  ..., -0.1487,  0.1655,  0.1281],
        [-0.0335,  0.0659, -0.0847,  ..., -0.0719,  0.0298,  0.0020]],
       device='cuda:0', grad_fn=<NativeBatchNormBackward0>)
x_t (torch.Size([12, 2])): tensor([[-1.3327, -1.3348],
        [-1.3708, -1.3723],
        [-2.2641, -2.2672],
        [ 0.4582,  0.4598],
        [ 0.2017,  0.2041],
        [ 0.6697,  0.6681],
        [ 0.4718,  0.4732],
        [ 0.2027,  0.2040],
        [ 0.6990,  0.6986],
        [ 0.7948,  0.7948],
        [ 0.8529,  0.8526],
        [ 0.6162,  0.6194]], device='cuda:0',
       grad_fn=<NativeBatchNormBackward0>)
edge_attr (torch.Size([24000, 10])): tensor([[-1.7797, -0.1637, -2.0793,  ...,  0.9328, -1.1443, -0.8667],
        [-1.8080, -0.1859, -2.0924,  ...,  0.9659, -1.1786, -0.8990],
        [-2.5040, -0.7300, -2.4135,  ...,  1.7761, -2.0202, -1.6895],
        ...,
        [ 0.1045,  0.2986, -0.6531,  ..., -0.1237,  0.1580,  0.0369],
        [ 0.4837,  0.5932, -0.4772,  ..., -0.5612,  0.6103,  0.4644],
        [ 0.5590,  0.6516, -0.4424,  ..., -0.6478,  0.7001,  0.5493]],
       device='cuda:0', grad_fn=<NativeBatchNormBackward0>)
u (torch.Size([1, 10])): tensor([[ -590.2272,   569.4792,   753.7833,  -219.0215,  -559.9686, -1204.9539,
             6.5386,   142.4205,  -268.1295,  1152.9537]], device='cuda:0',
       grad_fn=<AddmmBackward0>)
h (torch.Size([24000, 32]))
x_s[src] (torch.Size([24000, 10]))
x_t[tgt] (torch.Size([24000, 2]))
edge_attr (torch.Size([24000, 10]))
u[batch_e] torch.Size([24000, 10])

EDGE MODEL FORWARD
src (torch.Size([24000])): tensor([   0,    0,    0,  ..., 1999, 1999, 1999], device='cuda:0')
tgt (torch.Size([24000])): tensor([0, 1, 2,  ..., 7, 8, 9], device='cuda:0')
x_s (torch.Size([2000, 10])): tensor([[-0.2016, -0.1015,  0.0928,  ...,  0.6522, -0.1971,  0.0583],
        [ 0.0738, -0.1430,  0.0345,  ..., -0.4607, -0.0791, -0.0118],
        [ 0.0568,  0.0329,  0.1301,  ..., -1.3590, -0.0692,  0.1090],
        ...,
        [-0.0790,  0.1917,  0.1715,  ..., -0.7880, -0.1150,  0.1745],
        [-0.0576, -0.0445,  0.0967,  ...,  0.0807, -0.1398,  0.0515],
        [-0.4296,  0.2401,  0.1110,  ...,  1.5174, -0.1883,  0.1662]],
       device='cuda:0', grad_fn=<NativeBatchNormBackward0>)
x_t (torch.Size([12, 2])): tensor([[-1.3392,  1.3322],
        [-1.3804,  1.3695],
        [-2.2112,  2.2739],
        [ 0.4422, -0.4625],
        [ 0.1533, -0.2108],
        [ 0.6898, -0.6652],
        [ 0.4592, -0.4755],
        [ 0.1487, -0.2108],
        [ 0.7158, -0.6949],
        [ 0.8210, -0.7905],
        [ 0.8813, -0.8472],
        [ 0.6192, -0.6182]], device='cuda:0',
       grad_fn=<NativeBatchNormBackward0>)
edge_attr (torch.Size([24000, 10])): tensor([[ 1.8244, -1.7582,  0.4139,  ...,  0.8691, -0.4722,  0.3358],
        [ 1.8576, -1.7759,  0.4425,  ...,  0.8658, -0.5008,  0.3678],
        [ 2.6586, -2.2022,  1.1432,  ...,  0.7705, -1.1650,  1.1493],
        ...,
        [-0.2029, -0.0185, -0.1265,  ...,  0.0191,  0.3682, -0.2544],
        [-0.6395,  0.2110, -0.4994,  ...,  0.0640,  0.7315, -0.6722],
        [-0.7255,  0.2560, -0.5732,  ...,  0.0736,  0.8008, -0.7549]],
       device='cuda:0', grad_fn=<NativeBatchNormBackward0>)
u (torch.Size([1, 10])): tensor([[  98.3292,   55.3469,  190.9977, -152.6390,  106.9436,  -88.2756,
          177.5359, -199.9519, -275.8193,  -48.4291]], device='cuda:0',
       grad_fn=<AddmmBackward0>)
h (torch.Size([24000, 32]))
x_s[src] (torch.Size([24000, 10]))
x_t[tgt] (torch.Size([24000, 2]))
edge_attr (torch.Size([24000, 10]))
u[batch_e] torch.Size([24000, 10])
Train Batch 0: Loss=-0.0311, Utility=0.0311
Training Finished
Evaluation Results:

EDGE MODEL FORWARD
src (torch.Size([24000])): tensor([   0,    0,    0,  ..., 1999, 1999, 1999], device='cuda:0')
tgt (torch.Size([24000])): tensor([0, 1, 2,  ..., 7, 8, 9], device='cuda:0')
x_s (torch.Size([2000, 10])): tensor([[-1.1840,  2.0862, -0.2978,  ..., -0.0369, -0.2230, -1.3535],
        [-0.8806,  0.1033,  0.3285,  ..., -1.1730, -0.4170, -0.4717],
        [-0.8496,  0.2752, -0.4234,  ..., -1.1773, -1.5904,  0.7376],
        ...,
        [ 0.2134, -0.7837, -1.1203,  ...,  0.6125, -0.3223,  0.9372],
        [ 0.7054,  0.2437, -1.6391,  ...,  1.3576, -1.4632,  1.5679],
        [-1.2992, -0.2375, -1.6256,  ..., -0.5038,  0.6019, -0.6429]],
       device='cuda:0')
x_t (torch.Size([12, 2])): tensor([[2.0000e+00, 6.8200e+04],
        [2.0000e+00, 6.9300e+04],
        [2.0000e+00, 9.6300e+04],
        [1.2000e+01, 1.4400e+04],
        [6.0000e+00, 2.2000e+04],
        [6.0000e+00, 8.3000e+03],
        [1.2000e+01, 1.4000e+04],
        [6.0000e+00, 2.2000e+04],
        [3.0000e+00, 7.4000e+03],
        [6.0000e+00, 4.5000e+03],
        [1.2000e+01, 2.8000e+03],
        [8.0000e+00, 9.7000e+03]], device='cuda:0')
edge_attr (torch.Size([24000, 10])): tensor([[0., 0., 0.,  ..., 0., 0., 0.],
        [0., 0., 0.,  ..., 0., 0., 0.],
        [0., 0., 0.,  ..., 0., 0., 0.],
        ...,
        [0., 0., 0.,  ..., 0., 0., 0.],
        [0., 0., 0.,  ..., 0., 0., 0.],
        [0., 0., 0.,  ..., 0., 0., 0.]], device='cuda:0')
u (torch.Size([1, 10])): tensor([[0., 0., 0., 0., 0., 0., 0., 0., 0., 0.]], device='cuda:0')
h (torch.Size([24000, 32]))
x_s[src] (torch.Size([24000, 10]))
x_t[tgt] (torch.Size([24000, 2]))
edge_attr (torch.Size([24000, 10]))
u[batch_e] torch.Size([24000, 10])

EDGE MODEL FORWARD
src (torch.Size([24000])): tensor([   0,    0,    0,  ..., 1999, 1999, 1999], device='cuda:0')
tgt (torch.Size([24000])): tensor([0, 1, 2,  ..., 7, 8, 9], device='cuda:0')
x_s (torch.Size([2000, 10])): tensor([[-2.1498,  0.3806,  0.4248,  ...,  0.8498,  1.6091,  1.1267],
        [-0.1626,  0.3140, -0.6513,  ...,  0.6448,  0.1583, -0.3536],
        [ 0.4523,  0.4521,  0.2779,  ...,  0.1383,  0.5336, -0.1758],
        ...,
        [ 0.3723,  0.4187,  0.2572,  ...,  0.3576,  0.8411, -0.1564],
        [ 0.5060,  0.8139,  1.6637,  ..., -1.5093,  0.7919,  0.6698],
        [-1.0354,  0.2861,  0.1969,  ...,  0.1112,  0.5389,  0.6162]],
       device='cuda:0', grad_fn=<NativeBatchNormBackward0>)
x_t (torch.Size([12, 2])): tensor([[ 1.3271,  1.3366],
        [ 1.3646,  1.3730],
        [ 2.2853,  2.2647],
        [-0.4656, -0.4602],
        [-0.2217, -0.2019],
        [-0.6615, -0.6675],
        [-0.4784, -0.4738],
        [-0.2217, -0.2019],
        [-0.6904, -0.6980],
        [-0.7834, -0.7966],
        [-0.8380, -0.8544],
        [-0.6165, -0.6199]], device='cuda:0',
       grad_fn=<NativeBatchNormBackward0>)
edge_attr (torch.Size([24000, 10])): tensor([[ 1.3335, -1.3335, -1.3335,  ..., -1.3334,  1.3335, -1.3335],
        [ 1.3702, -1.3702, -1.3702,  ..., -1.3702,  1.3702, -1.3702],
        [ 2.2714, -2.2713, -2.2714,  ..., -2.2712,  2.2713, -2.2715],
        ...,
        [-0.2082,  0.2083,  0.2082,  ...,  0.2082, -0.2083,  0.2082],
        [-0.6956,  0.6955,  0.6956,  ...,  0.6954, -0.6955,  0.6957],
        [-0.7923,  0.7923,  0.7923,  ...,  0.7922, -0.7923,  0.7923]],
       device='cuda:0', grad_fn=<NativeBatchNormBackward0>)
u (torch.Size([1, 10])): tensor([[  27.0203,  307.0964,  308.3500,   64.4440,  681.2731,  109.0900,
          258.7150,  142.5150,  748.7213, -318.0250]], device='cuda:0',
       grad_fn=<AddmmBackward0>)
h (torch.Size([24000, 32]))
x_s[src] (torch.Size([24000, 10]))
x_t[tgt] (torch.Size([24000, 2]))
edge_attr (torch.Size([24000, 10]))
u[batch_e] torch.Size([24000, 10])

EDGE MODEL FORWARD
src (torch.Size([24000])): tensor([   0,    0,    0,  ..., 1999, 1999, 1999], device='cuda:0')
tgt (torch.Size([24000])): tensor([0, 1, 2,  ..., 7, 8, 9], device='cuda:0')
x_s (torch.Size([2000, 10])): tensor([[-0.1243,  0.1965, -0.1314,  ..., -0.1273,  0.1072,  0.2001],
        [-0.1380,  0.1592, -0.1264,  ..., -0.1388,  0.1315,  0.1291],
        [-0.1381,  0.1583, -0.1290,  ..., -0.1432,  0.1485,  0.1084],
        ...,
        [-0.1504,  0.1335, -0.1381,  ..., -0.1463,  0.1585,  0.1417],
        [-0.1329,  0.1265, -0.1371,  ..., -0.1376,  0.1557,  0.1156],
        [-0.1097,  0.1267, -0.1226,  ..., -0.1158,  0.1021,  0.1268]],
       device='cuda:0', grad_fn=<NativeBatchNormBackward0>)
x_t (torch.Size([12, 2])): tensor([[-1.3328, -1.3356],
        [-1.3708, -1.3715],
        [-2.2642, -2.2669],
        [ 0.4581,  0.4596],
        [ 0.2028,  0.2038],
        [ 0.6710,  0.6675],
        [ 0.4715,  0.4734],
        [ 0.2019,  0.2038],
        [ 0.6991,  0.6993],
        [ 0.7950,  0.7956],
        [ 0.8512,  0.8527],
        [ 0.6173,  0.6192]], device='cuda:0',
       grad_fn=<NativeBatchNormBackward0>)
edge_attr (torch.Size([24000, 10])): tensor([[-1.7797, -0.1637, -2.0793,  ...,  0.9329, -1.1443, -0.8668],
        [-1.8080, -0.1859, -2.0924,  ...,  0.9659, -1.1786, -0.8990],
        [-2.5040, -0.7301, -2.4135,  ...,  1.7761, -2.0201, -1.6895],
        ...,
        [ 0.1045,  0.2986, -0.6530,  ..., -0.1237,  0.1580,  0.0370],
        [ 0.4837,  0.5932, -0.4772,  ..., -0.5612,  0.6103,  0.4644],
        [ 0.5590,  0.6515, -0.4423,  ..., -0.6478,  0.7001,  0.5493]],
       device='cuda:0', grad_fn=<NativeBatchNormBackward0>)
u (torch.Size([1, 10])): tensor([[ -590.5487,   569.7637,   754.1592,  -219.1394,  -560.2609, -1205.5726,
             6.5220,   142.4961,  -268.2957,  1153.5438]], device='cuda:0',
       grad_fn=<AddmmBackward0>)
h (torch.Size([24000, 32]))
x_s[src] (torch.Size([24000, 10]))
x_t[tgt] (torch.Size([24000, 2]))
edge_attr (torch.Size([24000, 10]))
u[batch_e] torch.Size([24000, 10])

EDGE MODEL FORWARD
src (torch.Size([24000])): tensor([   0,    0,    0,  ..., 1999, 1999, 1999], device='cuda:0')
tgt (torch.Size([24000])): tensor([0, 1, 2,  ..., 7, 8, 9], device='cuda:0')
x_s (torch.Size([2000, 10])): tensor([[-0.3990,  0.1476,  0.2238,  ...,  0.4659, -0.2337,  0.2260],
        [-0.1101,  0.1297,  0.1835,  ..., -0.8284, -0.1227,  0.1704],
        [-0.2206,  0.1723,  0.2558,  ..., -0.9021, -0.1582,  0.2412],
        ...,
        [-0.0955,  0.1120,  0.1012,  ...,  0.0730, -0.1331,  0.1039],
        [-0.0704, -0.0365,  0.0899,  ...,  0.0921, -0.1280,  0.0505],
        [ 0.1132,  0.1074, -0.0117,  ..., -0.0801, -0.0416,  0.0166]],
       device='cuda:0', grad_fn=<NativeBatchNormBackward0>)
x_t (torch.Size([12, 2])): tensor([[-1.3303,  1.3325],
        [-1.3850,  1.3693],
        [-2.2095,  2.2739],
        [ 0.4423, -0.4622],
        [ 0.1462, -0.2110],
        [ 0.6930, -0.6651],
        [ 0.4627, -0.4755],
        [ 0.1349, -0.2111],
        [ 0.7219, -0.6951],
        [ 0.8258, -0.7906],
        [ 0.8857, -0.8468],
        [ 0.6130, -0.6183]], device='cuda:0',
       grad_fn=<NativeBatchNormBackward0>)
edge_attr (torch.Size([24000, 10])): tensor([[ 1.8290, -1.7436,  0.4167,  ...,  0.8526, -0.4581,  0.3440],
        [ 1.8618, -1.7616,  0.4453,  ...,  0.8495, -0.4853,  0.3761],
        [ 2.6635, -2.1863,  1.1469,  ...,  0.7555, -1.1541,  1.1579],
        ...,
        [-0.1939, -0.0475, -0.1105,  ...,  0.0450,  0.4294, -0.2164],
        [-0.6313,  0.1815, -0.4839,  ...,  0.0891,  0.7963, -0.6346],
        [-0.7173,  0.2264, -0.5578,  ...,  0.0987,  0.8661, -0.7173]],
       device='cuda:0', grad_fn=<NativeBatchNormBackward0>)
u (torch.Size([1, 10])): tensor([[  98.3789,   55.3775,  191.0986, -152.7165,  106.9987,  -88.3185,
          177.6276, -200.0561, -275.9623,  -48.4557]], device='cuda:0',
       grad_fn=<AddmmBackward0>)
h (torch.Size([24000, 32]))
x_s[src] (torch.Size([24000, 10]))
x_t[tgt] (torch.Size([24000, 2]))
edge_attr (torch.Size([24000, 10]))
u[batch_e] torch.Size([24000, 10])
Eval Batch 0: Loss=-0.0311, Utility=0.0311
