SLURM ID: 0
Start Pre-Training
No pre-trained checkpoint found.

TRAIN.PY
i_batch: 0
train_be (24000): tensor([0, 0, 0,  ..., 0, 0, 0], device='cuda:0')
train_bs (2000): tensor([0, 0, 0,  ..., 0, 0, 0], device='cuda:0')
train_bt (12): tensor([0, 0, 0, 0, 0, 0, 0, 0, 0, 0, 0, 0], device='cuda:0')


EDGE MODEL FORWARD
src (torch.Size([24000])): tensor([   0,    0,    0,  ..., 1999, 1999, 1999], device='cuda:0')
tgt (torch.Size([24000])): tensor([0, 1, 2,  ..., 7, 8, 9], device='cuda:0')
x_s (torch.Size([2000, 10])): tensor([[0., 0., 0.,  ..., 0., 0., 0.],
        [0., 0., 0.,  ..., 0., 0., 0.],
        [0., 0., 0.,  ..., 0., 0., 0.],
        ...,
        [0., 0., 0.,  ..., 0., 0., 0.],
        [0., 0., 0.,  ..., 0., 0., 0.],
        [0., 0., 0.,  ..., 0., 0., 0.]], device='cuda:0')
x_t (torch.Size([12, 5])): tensor([[0., 0., 0., 0., 0.],
        [0., 0., 0., 0., 0.],
        [0., 0., 0., 0., 0.],
        [0., 0., 0., 0., 0.],
        [0., 0., 0., 0., 0.],
        [0., 0., 0., 0., 0.],
        [0., 0., 0., 0., 0.],
        [0., 0., 0., 0., 0.],
        [0., 0., 0., 0., 0.],
        [0., 0., 0., 0., 0.],
        [0., 0., 0., 0., 0.],
        [0., 0., 0., 0., 0.]], device='cuda:0')
edge_attr (torch.Size([24000, 10])): tensor([[0., 0., 0.,  ..., 0., 0., 0.],
        [0., 0., 0.,  ..., 0., 0., 0.],
        [0., 0., 0.,  ..., 0., 0., 0.],
        ...,
        [0., 0., 0.,  ..., 0., 0., 0.],
        [0., 0., 0.,  ..., 0., 0., 0.],
        [0., 0., 0.,  ..., 0., 0., 0.]], device='cuda:0')
u (torch.Size([1, 10])): tensor([[0., 0., 0., 0., 0., 0., 0., 0., 0., 0.]], device='cuda:0')

EDGE MODEL FORWARD
src (torch.Size([24000])): tensor([   0,    0,    0,  ..., 1999, 1999, 1999], device='cuda:0')
tgt (torch.Size([24000])): tensor([0, 1, 2,  ..., 7, 8, 9], device='cuda:0')
x_s (torch.Size([2000, 10])): tensor([[ 7.3628e-07,  2.3561e-05,  2.3561e-05,  ..., -9.4243e-05,
          7.3628e-07, -1.4136e-05],
        [ 7.3628e-07,  2.3561e-05,  2.3561e-05,  ..., -9.4243e-05,
          7.3628e-07, -1.4136e-05],
        [ 7.3628e-07,  2.3561e-05,  2.3561e-05,  ..., -9.4243e-05,
          7.3628e-07, -1.4136e-05],
        ...,
        [ 7.3628e-07,  2.3561e-05,  2.3561e-05,  ..., -9.4243e-05,
          7.3628e-07, -1.4136e-05],
        [ 7.3628e-07,  2.3561e-05,  2.3561e-05,  ..., -9.4243e-05,
          7.3628e-07, -1.4136e-05],
        [ 7.3628e-07,  2.3561e-05,  2.3561e-05,  ..., -9.4243e-05,
          7.3628e-07, -1.4136e-05]], device='cuda:0',
       grad_fn=<NativeBatchNormBackward0>)
x_t (torch.Size([12, 5])): tensor([[-0.0006, -0.0006, -0.0048,  0.0024,  0.0000],
        [-0.0006, -0.0006, -0.0048,  0.0024,  0.0000],
        [-0.0006, -0.0006, -0.0048,  0.0024,  0.0000],
        [-0.0006, -0.0006, -0.0048,  0.0024,  0.0000],
        [-0.0006, -0.0006, -0.0048,  0.0024,  0.0000],
        [-0.0006, -0.0006, -0.0048,  0.0024,  0.0000],
        [-0.0006, -0.0006, -0.0048,  0.0024,  0.0000],
        [-0.0006, -0.0006, -0.0048,  0.0024,  0.0000],
        [-0.0006, -0.0006, -0.0048,  0.0024,  0.0000],
        [-0.0006, -0.0006, -0.0048,  0.0024,  0.0000],
        [-0.0006, -0.0006, -0.0048,  0.0024,  0.0000],
        [-0.0006, -0.0006, -0.0048,  0.0024,  0.0000]], device='cuda:0',
       grad_fn=<NativeBatchNormBackward0>)
edge_attr (torch.Size([24000, 10])): tensor([[ 0.0000e+00,  9.4243e-06,  0.0000e+00,  ...,  0.0000e+00,
         -9.4243e-06,  4.7122e-06],
        [ 0.0000e+00,  9.4243e-06,  0.0000e+00,  ...,  0.0000e+00,
         -9.4243e-06,  4.7122e-06],
        [ 0.0000e+00,  9.4243e-06,  0.0000e+00,  ...,  0.0000e+00,
         -9.4243e-06,  4.7122e-06],
        ...,
        [ 0.0000e+00,  9.4243e-06,  0.0000e+00,  ...,  0.0000e+00,
         -9.4243e-06,  4.7122e-06],
        [ 0.0000e+00,  9.4243e-06,  0.0000e+00,  ...,  0.0000e+00,
         -9.4243e-06,  4.7122e-06],
        [ 0.0000e+00,  9.4243e-06,  0.0000e+00,  ...,  0.0000e+00,
         -9.4243e-06,  4.7122e-06]], device='cuda:0',
       grad_fn=<NativeBatchNormBackward0>)
u (torch.Size([1, 10])): tensor([[-15.3150,   3.6491,  -2.0858,  -4.6473, -12.1402,  -1.9725,  19.3715,
           7.1291,   4.9903,  -5.8344]], device='cuda:0',
       grad_fn=<AddmmBackward0>)

EDGE MODEL FORWARD
src (torch.Size([24000])): tensor([   0,    0,    0,  ..., 1999, 1999, 1999], device='cuda:0')
tgt (torch.Size([24000])): tensor([0, 1, 2,  ..., 7, 8, 9], device='cuda:0')
x_s (torch.Size([2000, 10])): tensor([[ 3.7697e-05, -7.5395e-05,  0.0000e+00,  ...,  7.5395e-05,
         -4.7122e-05,  2.8273e-05],
        [ 3.7697e-05, -7.5395e-05,  0.0000e+00,  ...,  7.5395e-05,
         -4.7122e-05,  2.8273e-05],
        [ 3.7697e-05, -7.5395e-05,  0.0000e+00,  ...,  7.5395e-05,
         -4.7122e-05,  2.8273e-05],
        ...,
        [ 3.7697e-05, -7.5395e-05,  0.0000e+00,  ...,  7.5395e-05,
         -4.7122e-05,  2.8273e-05],
        [ 3.7697e-05, -7.5395e-05,  0.0000e+00,  ...,  7.5395e-05,
         -4.7122e-05,  2.8273e-05],
        [ 3.7697e-05, -7.5395e-05,  0.0000e+00,  ...,  7.5395e-05,
         -4.7122e-05,  2.8273e-05]], device='cuda:0',
       grad_fn=<NativeBatchNormBackward0>)
x_t (torch.Size([12, 5])): tensor([[0.0000, 0.0000, 0.0000, 0.0000, 0.0003],
        [0.0000, 0.0000, 0.0000, 0.0000, 0.0003],
        [0.0000, 0.0000, 0.0000, 0.0000, 0.0003],
        [0.0000, 0.0000, 0.0000, 0.0000, 0.0003],
        [0.0000, 0.0000, 0.0000, 0.0000, 0.0003],
        [0.0000, 0.0000, 0.0000, 0.0000, 0.0003],
        [0.0000, 0.0000, 0.0000, 0.0000, 0.0003],
        [0.0000, 0.0000, 0.0000, 0.0000, 0.0003],
        [0.0000, 0.0000, 0.0000, 0.0000, 0.0003],
        [0.0000, 0.0000, 0.0000, 0.0000, 0.0003],
        [0.0000, 0.0000, 0.0000, 0.0000, 0.0003],
        [0.0000, 0.0000, 0.0000, 0.0000, 0.0003]], device='cuda:0',
       grad_fn=<NativeBatchNormBackward0>)
edge_attr (torch.Size([24000, 10])): tensor([[-7.0682e-06,  0.0000e+00, -3.7697e-05,  ...,  2.3561e-06,
          5.6546e-05, -3.7697e-05],
        [-7.0682e-06,  0.0000e+00, -3.7697e-05,  ...,  2.3561e-06,
          5.6546e-05, -3.7697e-05],
        [-7.0682e-06,  0.0000e+00, -3.7697e-05,  ...,  2.3561e-06,
          5.6546e-05, -3.7697e-05],
        ...,
        [-7.0682e-06,  0.0000e+00, -3.7697e-05,  ...,  2.3561e-06,
          5.6546e-05, -3.7697e-05],
        [-7.0682e-06,  0.0000e+00, -3.7697e-05,  ...,  2.3561e-06,
          5.6546e-05, -3.7697e-05],
        [-7.0682e-06,  0.0000e+00, -3.7697e-05,  ...,  2.3561e-06,
          5.6546e-05, -3.7697e-05]], device='cuda:0',
       grad_fn=<NativeBatchNormBackward0>)
u (torch.Size([1, 10])): tensor([[ -5.1618,  -5.0896,   1.7676,  -2.0609,   4.0896,  -0.9504,  -4.0495,
          -9.5800,   4.1148, -11.7323]], device='cuda:0',
       grad_fn=<AddmmBackward0>)

EDGE MODEL FORWARD
src (torch.Size([24000])): tensor([   0,    0,    0,  ..., 1999, 1999, 1999], device='cuda:0')
tgt (torch.Size([24000])): tensor([0, 1, 2,  ..., 7, 8, 9], device='cuda:0')
x_s (torch.Size([2000, 10])): tensor([[ 5.8902e-06,  1.8849e-05, -1.8849e-05,  ...,  5.8902e-06,
         -3.7697e-05,  4.7122e-06],
        [ 5.8902e-06,  1.8849e-05, -1.8849e-05,  ...,  5.8902e-06,
         -3.7697e-05,  4.7122e-06],
        [ 5.8902e-06,  1.8849e-05, -1.8849e-05,  ...,  5.8902e-06,
         -3.7697e-05,  4.7122e-06],
        ...,
        [ 5.8902e-06,  1.8849e-05, -1.8849e-05,  ...,  5.8902e-06,
         -3.7697e-05,  4.7122e-06],
        [ 5.8902e-06,  1.8849e-05, -1.8849e-05,  ...,  5.8902e-06,
         -3.7697e-05,  4.7122e-06],
        [ 5.8902e-06,  1.8849e-05, -1.8849e-05,  ...,  5.8902e-06,
         -3.7697e-05,  4.7122e-06]], device='cuda:0',
       grad_fn=<NativeBatchNormBackward0>)
x_t (torch.Size([12, 5])): tensor([[-0.0006,  0.0000,  0.0000,  0.0000,  0.0000],
        [-0.0006,  0.0000,  0.0000,  0.0000,  0.0000],
        [-0.0006,  0.0000,  0.0000,  0.0000,  0.0000],
        [-0.0006,  0.0000,  0.0000,  0.0000,  0.0000],
        [-0.0006,  0.0000,  0.0000,  0.0000,  0.0000],
        [-0.0006,  0.0000,  0.0000,  0.0000,  0.0000],
        [-0.0006,  0.0000,  0.0000,  0.0000,  0.0000],
        [-0.0006,  0.0000,  0.0000,  0.0000,  0.0000],
        [-0.0006,  0.0000,  0.0000,  0.0000,  0.0000],
        [-0.0006,  0.0000,  0.0000,  0.0000,  0.0000],
        [-0.0006,  0.0000,  0.0000,  0.0000,  0.0000],
        [-0.0006,  0.0000,  0.0000,  0.0000,  0.0000]], device='cuda:0',
       grad_fn=<NativeBatchNormBackward0>)
edge_attr (torch.Size([24000, 10])): tensor([[-7.5395e-05, -1.8849e-05,  0.0000e+00,  ...,  3.7697e-05,
          0.0000e+00,  1.8849e-05],
        [-7.5395e-05, -1.8849e-05,  0.0000e+00,  ...,  3.7697e-05,
          0.0000e+00,  1.8849e-05],
        [-7.5395e-05, -1.8849e-05,  0.0000e+00,  ...,  3.7697e-05,
          0.0000e+00,  1.8849e-05],
        ...,
        [-7.5395e-05, -1.8849e-05,  0.0000e+00,  ...,  3.7697e-05,
          0.0000e+00,  1.8849e-05],
        [-7.5395e-05, -1.8849e-05,  0.0000e+00,  ...,  3.7697e-05,
          0.0000e+00,  1.8849e-05],
        [-7.5395e-05, -1.8849e-05,  0.0000e+00,  ...,  3.7697e-05,
          0.0000e+00,  1.8849e-05]], device='cuda:0',
       grad_fn=<NativeBatchNormBackward0>)
u (torch.Size([1, 10])): tensor([[  0.0364,  -0.4013,   3.0313, -10.2905,  -2.5347,   5.5739,  -7.1267,
          -1.9812,  -9.7098,  -3.1295]], device='cuda:0',
       grad_fn=<AddmmBackward0>)
Batch 0: -U=-64785.5, G=0.0, N=0.0, +OT=35996.0, +UT=0.0

TRAIN.PY
i_batch: 1
train_be (24000): tensor([0, 0, 0,  ..., 0, 0, 0], device='cuda:0')
train_bs (2000): tensor([0, 0, 0,  ..., 0, 0, 0], device='cuda:0')
train_bt (12): tensor([0, 0, 0, 0, 0, 0, 0, 0, 0, 0, 0, 0], device='cuda:0')


EDGE MODEL FORWARD
src (torch.Size([24000])): tensor([   0,    0,    0,  ..., 1999, 1999, 1999], device='cuda:0')
tgt (torch.Size([24000])): tensor([0, 1, 2,  ..., 7, 8, 9], device='cuda:0')
x_s (torch.Size([2000, 10])): tensor([[0., 0., 0.,  ..., 0., 0., 0.],
        [0., 0., 0.,  ..., 0., 0., 0.],
        [0., 0., 0.,  ..., 0., 0., 0.],
        ...,
        [0., 0., 0.,  ..., 0., 0., 0.],
        [0., 0., 0.,  ..., 0., 0., 0.],
        [0., 0., 0.,  ..., 0., 0., 0.]], device='cuda:0')
x_t (torch.Size([12, 2])): tensor([[2.0000e+00, 6.8200e+04],
        [2.0000e+00, 6.9300e+04],
        [2.0000e+00, 9.6300e+04],
        [1.2000e+01, 1.4400e+04],
        [6.0000e+00, 2.2000e+04],
        [6.0000e+00, 8.3000e+03],
        [1.2000e+01, 1.4000e+04],
        [6.0000e+00, 2.2000e+04],
        [3.0000e+00, 7.4000e+03],
        [6.0000e+00, 4.5000e+03],
        [1.2000e+01, 2.8000e+03],
        [8.0000e+00, 9.7000e+03]], device='cuda:0')
edge_attr (torch.Size([24000, 10])): tensor([[0., 0., 0.,  ..., 0., 0., 0.],
        [0., 0., 0.,  ..., 0., 0., 0.],
        [0., 0., 0.,  ..., 0., 0., 0.],
        ...,
        [0., 0., 0.,  ..., 0., 0., 0.],
        [0., 0., 0.,  ..., 0., 0., 0.],
        [0., 0., 0.,  ..., 0., 0., 0.]], device='cuda:0')
u (torch.Size([1, 10])): tensor([[0., 0., 0., 0., 0., 0., 0., 0., 0., 0.]], device='cuda:0')
Traceback (most recent call last):
  File "/home/jl5824/pfs-neural-net/train.py", line 217, in <module>
    time_pred, _ = gnn(graph, train_be[i_batch], train_bs[i_batch], train_bt[i_batch])
                   ^^^^^^^^^^^^^^^^^^^^^^^^^^^^^^^^^^^^^^^^^^^^^^^^^^^^^^^^^^^^^^^^^^^
  File "/home/jl5824/.conda/envs/torch-gnn/lib/python3.12/site-packages/torch/nn/modules/module.py", line 1751, in _wrapped_call_impl
    return self._call_impl(*args, **kwargs)
           ^^^^^^^^^^^^^^^^^^^^^^^^^^^^^^^^
  File "/home/jl5824/.conda/envs/torch-gnn/lib/python3.12/site-packages/torch/nn/modules/module.py", line 1762, in _call_impl
    return forward_call(*args, **kwargs)
           ^^^^^^^^^^^^^^^^^^^^^^^^^^^^^
  File "/home/jl5824/pfs-neural-net/gnn.py", line 406, in forward
    x_s, x_t, edge_attr, u = blk(x_s, x_t, edge_index, edge_attr,
                             ^^^^^^^^^^^^^^^^^^^^^^^^^^^^^^^^^^^^
  File "/home/jl5824/.conda/envs/torch-gnn/lib/python3.12/site-packages/torch/nn/modules/module.py", line 1751, in _wrapped_call_impl
    return self._call_impl(*args, **kwargs)
           ^^^^^^^^^^^^^^^^^^^^^^^^^^^^^^^^
  File "/home/jl5824/.conda/envs/torch-gnn/lib/python3.12/site-packages/torch/nn/modules/module.py", line 1762, in _call_impl
    return forward_call(*args, **kwargs)
           ^^^^^^^^^^^^^^^^^^^^^^^^^^^^^
  File "/home/jl5824/pfs-neural-net/gnn.py", line 341, in forward
    edge_attr = self.edge_model(x_s, x_t, edge_index, edge_attr, u, batch_e)
                ^^^^^^^^^^^^^^^^^^^^^^^^^^^^^^^^^^^^^^^^^^^^^^^^^^^^^^^^^^^^
  File "/home/jl5824/.conda/envs/torch-gnn/lib/python3.12/site-packages/torch/nn/modules/module.py", line 1751, in _wrapped_call_impl
    return self._call_impl(*args, **kwargs)
           ^^^^^^^^^^^^^^^^^^^^^^^^^^^^^^^^
  File "/home/jl5824/.conda/envs/torch-gnn/lib/python3.12/site-packages/torch/nn/modules/module.py", line 1762, in _call_impl
    return forward_call(*args, **kwargs)
           ^^^^^^^^^^^^^^^^^^^^^^^^^^^^^
  File "/home/jl5824/pfs-neural-net/gnn.py", line 178, in forward
    return self.edge_mlp(h)
           ^^^^^^^^^^^^^^^^
  File "/home/jl5824/.conda/envs/torch-gnn/lib/python3.12/site-packages/torch/nn/modules/module.py", line 1751, in _wrapped_call_impl
    return self._call_impl(*args, **kwargs)
           ^^^^^^^^^^^^^^^^^^^^^^^^^^^^^^^^
  File "/home/jl5824/.conda/envs/torch-gnn/lib/python3.12/site-packages/torch/nn/modules/module.py", line 1762, in _call_impl
    return forward_call(*args, **kwargs)
           ^^^^^^^^^^^^^^^^^^^^^^^^^^^^^
  File "/home/jl5824/.conda/envs/torch-gnn/lib/python3.12/site-packages/torch/nn/modules/container.py", line 240, in forward
    input = module(input)
            ^^^^^^^^^^^^^
  File "/home/jl5824/.conda/envs/torch-gnn/lib/python3.12/site-packages/torch/nn/modules/module.py", line 1751, in _wrapped_call_impl
    return self._call_impl(*args, **kwargs)
           ^^^^^^^^^^^^^^^^^^^^^^^^^^^^^^^^
  File "/home/jl5824/.conda/envs/torch-gnn/lib/python3.12/site-packages/torch/nn/modules/module.py", line 1762, in _call_impl
    return forward_call(*args, **kwargs)
           ^^^^^^^^^^^^^^^^^^^^^^^^^^^^^
  File "/home/jl5824/.conda/envs/torch-gnn/lib/python3.12/site-packages/torch/nn/modules/linear.py", line 125, in forward
    return F.linear(input, self.weight, self.bias)
           ^^^^^^^^^^^^^^^^^^^^^^^^^^^^^^^^^^^^^^^
RuntimeError: mat1 and mat2 shapes cannot be multiplied (24000x32 and 35x10)
