e_t (24000): {0, 1, 2, 3, 4, 5, 6, 7, 8, 9, 10, 11}
edge_attr (torch.Size([24000, 10])): tensor([[0., 0., 0.,  ..., 0., 0., 0.],
        [0., 0., 0.,  ..., 0., 0., 0.],
        [0., 0., 0.,  ..., 0., 0., 0.],
        ...,
        [0., 0., 0.,  ..., 0., 0., 0.],
        [0., 0., 0.,  ..., 0., 0., 0.],
        [0., 0., 0.,  ..., 0., 0., 0.]])
SLURM ID: 0
Start Pre-Training
No pre-trained checkpoint found.

TRAIN.PY
i_batch: 0
train_be (24000): tensor([0, 0, 0,  ..., 0, 0, 0], device='cuda:0')
train_bs (2000): tensor([0, 0, 0,  ..., 0, 0, 0], device='cuda:0')
train_bt (12): tensor([0, 0, 0, 0, 0, 0, 0, 0, 0, 0, 0, 0], device='cuda:0')


EDGE MODEL FORWARD
src (torch.Size([24000])): tensor([   0,    0,    0,  ..., 1999, 1999, 1999], device='cuda:0')
tgt (torch.Size([24000])): tensor([0, 1, 2,  ..., 7, 8, 9], device='cuda:0')
x_s (torch.Size([2000, 10])): tensor([[0., 0., 0.,  ..., 0., 0., 0.],
        [0., 0., 0.,  ..., 0., 0., 0.],
        [0., 0., 0.,  ..., 0., 0., 0.],
        ...,
        [0., 0., 0.,  ..., 0., 0., 0.],
        [0., 0., 0.,  ..., 0., 0., 0.],
        [0., 0., 0.,  ..., 0., 0., 0.]], device='cuda:0')
x_t (torch.Size([12, 5])): tensor([[2.0000e+00, 6.8200e+04, 0.0000e+00, 0.0000e+00, 0.0000e+00],
        [2.0000e+00, 6.9300e+04, 0.0000e+00, 0.0000e+00, 0.0000e+00],
        [2.0000e+00, 9.6300e+04, 0.0000e+00, 0.0000e+00, 0.0000e+00],
        [1.2000e+01, 1.4400e+04, 0.0000e+00, 0.0000e+00, 0.0000e+00],
        [6.0000e+00, 2.2000e+04, 0.0000e+00, 0.0000e+00, 0.0000e+00],
        [6.0000e+00, 8.3000e+03, 0.0000e+00, 0.0000e+00, 0.0000e+00],
        [1.2000e+01, 1.4000e+04, 0.0000e+00, 0.0000e+00, 0.0000e+00],
        [6.0000e+00, 2.2000e+04, 0.0000e+00, 0.0000e+00, 0.0000e+00],
        [3.0000e+00, 7.4000e+03, 0.0000e+00, 0.0000e+00, 0.0000e+00],
        [6.0000e+00, 4.5000e+03, 0.0000e+00, 0.0000e+00, 0.0000e+00],
        [1.2000e+01, 2.8000e+03, 0.0000e+00, 0.0000e+00, 0.0000e+00],
        [8.0000e+00, 9.7000e+03, 0.0000e+00, 0.0000e+00, 0.0000e+00]],
       device='cuda:0')
edge_attr (torch.Size([24000, 10])): tensor([[0., 0., 0.,  ..., 0., 0., 0.],
        [0., 0., 0.,  ..., 0., 0., 0.],
        [0., 0., 0.,  ..., 0., 0., 0.],
        ...,
        [0., 0., 0.,  ..., 0., 0., 0.],
        [0., 0., 0.,  ..., 0., 0., 0.],
        [0., 0., 0.,  ..., 0., 0., 0.]], device='cuda:0')
u (torch.Size([1, 10])): tensor([[0., 0., 0., 0., 0., 0., 0., 0., 0., 0.]], device='cuda:0')
h (torch.Size([24000, 35]))
x_s[src] (torch.Size([24000, 10]))
x_t[tgt] (torch.Size([24000, 5]))
edge_attr (torch.Size([24000, 10]))
u[batch_e] torch.Size([24000, 10])

EDGE MODEL FORWARD
src (torch.Size([24000])): tensor([   0,    0,    0,  ..., 1999, 1999, 1999], device='cuda:0')
tgt (torch.Size([24000])): tensor([0, 1, 2,  ..., 7, 8, 9], device='cuda:0')
x_s (torch.Size([2000, 10])): tensor([[nan, nan, nan,  ..., nan, nan, nan],
        [nan, nan, nan,  ..., nan, nan, nan],
        [nan, nan, nan,  ..., nan, nan, nan],
        ...,
        [nan, nan, nan,  ..., nan, nan, nan],
        [nan, nan, nan,  ..., nan, nan, nan],
        [nan, nan, nan,  ..., nan, nan, nan]], device='cuda:0',
       grad_fn=<NativeBatchNormBackward0>)
x_t (torch.Size([12, 5])): tensor([[nan, nan, nan, nan, nan],
        [nan, nan, nan, nan, nan],
        [nan, nan, nan, nan, nan],
        [nan, nan, nan, nan, nan],
        [nan, nan, nan, nan, nan],
        [nan, nan, nan, nan, nan],
        [nan, nan, nan, nan, nan],
        [nan, nan, nan, nan, nan],
        [nan, nan, nan, nan, nan],
        [nan, nan, nan, nan, nan],
        [nan, nan, nan, nan, nan],
        [nan, nan, nan, nan, nan]], device='cuda:0',
       grad_fn=<NativeBatchNormBackward0>)
edge_attr (torch.Size([24000, 10])): tensor([[nan, nan, nan,  ..., nan, nan, nan],
        [nan, nan, nan,  ..., nan, nan, nan],
        [nan, nan, nan,  ..., nan, nan, nan],
        ...,
        [nan, nan, nan,  ..., nan, nan, nan],
        [nan, nan, nan,  ..., nan, nan, nan],
        [nan, nan, nan,  ..., nan, nan, nan]], device='cuda:0',
       grad_fn=<NativeBatchNormBackward0>)
u (torch.Size([1, 10])): tensor([[nan, nan, nan, nan, nan, nan, nan, nan, nan, nan]], device='cuda:0',
       grad_fn=<AddmmBackward0>)
h (torch.Size([24000, 35]))
x_s[src] (torch.Size([24000, 10]))
x_t[tgt] (torch.Size([24000, 5]))
edge_attr (torch.Size([24000, 10]))
u[batch_e] torch.Size([24000, 10])

EDGE MODEL FORWARD
src (torch.Size([24000])): tensor([   0,    0,    0,  ..., 1999, 1999, 1999], device='cuda:0')
tgt (torch.Size([24000])): tensor([0, 1, 2,  ..., 7, 8, 9], device='cuda:0')
x_s (torch.Size([2000, 10])): tensor([[nan, nan, nan,  ..., nan, nan, nan],
        [nan, nan, nan,  ..., nan, nan, nan],
        [nan, nan, nan,  ..., nan, nan, nan],
        ...,
        [nan, nan, nan,  ..., nan, nan, nan],
        [nan, nan, nan,  ..., nan, nan, nan],
        [nan, nan, nan,  ..., nan, nan, nan]], device='cuda:0',
       grad_fn=<NativeBatchNormBackward0>)
x_t (torch.Size([12, 5])): tensor([[nan, nan, nan, nan, nan],
        [nan, nan, nan, nan, nan],
        [nan, nan, nan, nan, nan],
        [nan, nan, nan, nan, nan],
        [nan, nan, nan, nan, nan],
        [nan, nan, nan, nan, nan],
        [nan, nan, nan, nan, nan],
        [nan, nan, nan, nan, nan],
        [nan, nan, nan, nan, nan],
        [nan, nan, nan, nan, nan],
        [nan, nan, nan, nan, nan],
        [nan, nan, nan, nan, nan]], device='cuda:0',
       grad_fn=<NativeBatchNormBackward0>)
edge_attr (torch.Size([24000, 10])): tensor([[nan, nan, nan,  ..., nan, nan, nan],
        [nan, nan, nan,  ..., nan, nan, nan],
        [nan, nan, nan,  ..., nan, nan, nan],
        ...,
        [nan, nan, nan,  ..., nan, nan, nan],
        [nan, nan, nan,  ..., nan, nan, nan],
        [nan, nan, nan,  ..., nan, nan, nan]], device='cuda:0',
       grad_fn=<NativeBatchNormBackward0>)
u (torch.Size([1, 10])): tensor([[nan, nan, nan, nan, nan, nan, nan, nan, nan, nan]], device='cuda:0',
       grad_fn=<AddmmBackward0>)
h (torch.Size([24000, 35]))
x_s[src] (torch.Size([24000, 10]))
x_t[tgt] (torch.Size([24000, 5]))
edge_attr (torch.Size([24000, 10]))
u[batch_e] torch.Size([24000, 10])

EDGE MODEL FORWARD
src (torch.Size([24000])): tensor([   0,    0,    0,  ..., 1999, 1999, 1999], device='cuda:0')
tgt (torch.Size([24000])): tensor([0, 1, 2,  ..., 7, 8, 9], device='cuda:0')
x_s (torch.Size([2000, 10])): tensor([[nan, nan, nan,  ..., nan, nan, nan],
        [nan, nan, nan,  ..., nan, nan, nan],
        [nan, nan, nan,  ..., nan, nan, nan],
        ...,
        [nan, nan, nan,  ..., nan, nan, nan],
        [nan, nan, nan,  ..., nan, nan, nan],
        [nan, nan, nan,  ..., nan, nan, nan]], device='cuda:0',
       grad_fn=<NativeBatchNormBackward0>)
x_t (torch.Size([12, 5])): tensor([[nan, nan, nan, nan, nan],
        [nan, nan, nan, nan, nan],
        [nan, nan, nan, nan, nan],
        [nan, nan, nan, nan, nan],
        [nan, nan, nan, nan, nan],
        [nan, nan, nan, nan, nan],
        [nan, nan, nan, nan, nan],
        [nan, nan, nan, nan, nan],
        [nan, nan, nan, nan, nan],
        [nan, nan, nan, nan, nan],
        [nan, nan, nan, nan, nan],
        [nan, nan, nan, nan, nan]], device='cuda:0',
       grad_fn=<NativeBatchNormBackward0>)
edge_attr (torch.Size([24000, 10])): tensor([[nan, nan, nan,  ..., nan, nan, nan],
        [nan, nan, nan,  ..., nan, nan, nan],
        [nan, nan, nan,  ..., nan, nan, nan],
        ...,
        [nan, nan, nan,  ..., nan, nan, nan],
        [nan, nan, nan,  ..., nan, nan, nan],
        [nan, nan, nan,  ..., nan, nan, nan]], device='cuda:0',
       grad_fn=<NativeBatchNormBackward0>)
u (torch.Size([1, 10])): tensor([[nan, nan, nan, nan, nan, nan, nan, nan, nan, nan]], device='cuda:0',
       grad_fn=<AddmmBackward0>)
h (torch.Size([24000, 35]))
x_s[src] (torch.Size([24000, 10]))
x_t[tgt] (torch.Size([24000, 5]))
edge_attr (torch.Size([24000, 10]))
u[batch_e] torch.Size([24000, 10])
tgt min, tgt max, x_s 0 11 2000
src min, src max, x_t 0 1999 12
Batch 0: -U=nan, G=0.0, N=nan, +OT=nan, +UT=nan

TRAIN.PY
i_batch: 1
train_be (24000): tensor([0, 0, 0,  ..., 0, 0, 0], device='cuda:0')
train_bs (2000): tensor([0, 0, 0,  ..., 0, 0, 0], device='cuda:0')
train_bt (12): tensor([0, 0, 0, 0, 0, 0, 0, 0, 0, 0, 0, 0], device='cuda:0')


EDGE MODEL FORWARD
src (torch.Size([24000])): tensor([   0,    0,    0,  ..., 1999, 1999, 1999], device='cuda:0')
tgt (torch.Size([24000])): tensor([0, 1, 2,  ..., 7, 8, 9], device='cuda:0')
x_s (torch.Size([2000, 10])): tensor([[0., 0., 0.,  ..., 0., 0., 0.],
        [0., 0., 0.,  ..., 0., 0., 0.],
        [0., 0., 0.,  ..., 0., 0., 0.],
        ...,
        [0., 0., 0.,  ..., 0., 0., 0.],
        [0., 0., 0.,  ..., 0., 0., 0.],
        [0., 0., 0.,  ..., 0., 0., 0.]], device='cuda:0')
x_t (torch.Size([12, 2])): tensor([[2.0000e+00, 6.8200e+04],
        [2.0000e+00, 6.9300e+04],
        [2.0000e+00, 9.6300e+04],
        [1.2000e+01, 1.4400e+04],
        [6.0000e+00, 2.2000e+04],
        [6.0000e+00, 8.3000e+03],
        [1.2000e+01, 1.4000e+04],
        [6.0000e+00, 2.2000e+04],
        [3.0000e+00, 7.4000e+03],
        [6.0000e+00, 4.5000e+03],
        [1.2000e+01, 2.8000e+03],
        [8.0000e+00, 9.7000e+03]], device='cuda:0')
edge_attr (torch.Size([24000, 10])): tensor([[0., 0., 0.,  ..., 0., 0., 0.],
        [0., 0., 0.,  ..., 0., 0., 0.],
        [0., 0., 0.,  ..., 0., 0., 0.],
        ...,
        [0., 0., 0.,  ..., 0., 0., 0.],
        [0., 0., 0.,  ..., 0., 0., 0.],
        [0., 0., 0.,  ..., 0., 0., 0.]], device='cuda:0')
u (torch.Size([1, 10])): tensor([[0., 0., 0., 0., 0., 0., 0., 0., 0., 0.]], device='cuda:0')
h (torch.Size([24000, 32]))
x_s[src] (torch.Size([24000, 10]))
x_t[tgt] (torch.Size([24000, 2]))
edge_attr (torch.Size([24000, 10]))
u[batch_e] torch.Size([24000, 10])
Traceback (most recent call last):
  File "/home/jl5824/pfs-neural-net/train.py", line 135, in <module>
    time_pred, _ = gnn(graph, train_be[i_batch], train_bs[i_batch], train_bt[i_batch])
                   ^^^^^^^^^^^^^^^^^^^^^^^^^^^^^^^^^^^^^^^^^^^^^^^^^^^^^^^^^^^^^^^^^^^
  File "/home/jl5824/.conda/envs/torch-gnn/lib/python3.12/site-packages/torch/nn/modules/module.py", line 1751, in _wrapped_call_impl
    return self._call_impl(*args, **kwargs)
           ^^^^^^^^^^^^^^^^^^^^^^^^^^^^^^^^
  File "/home/jl5824/.conda/envs/torch-gnn/lib/python3.12/site-packages/torch/nn/modules/module.py", line 1762, in _call_impl
    return forward_call(*args, **kwargs)
           ^^^^^^^^^^^^^^^^^^^^^^^^^^^^^
  File "/home/jl5824/pfs-neural-net/gnn.py", line 418, in forward
    x_s, x_t, edge_attr, u = blk(x_s, x_t, edge_index, edge_attr,
                             ^^^^^^^^^^^^^^^^^^^^^^^^^^^^^^^^^^^^
  File "/home/jl5824/.conda/envs/torch-gnn/lib/python3.12/site-packages/torch/nn/modules/module.py", line 1751, in _wrapped_call_impl
    return self._call_impl(*args, **kwargs)
           ^^^^^^^^^^^^^^^^^^^^^^^^^^^^^^^^
  File "/home/jl5824/.conda/envs/torch-gnn/lib/python3.12/site-packages/torch/nn/modules/module.py", line 1762, in _call_impl
    return forward_call(*args, **kwargs)
           ^^^^^^^^^^^^^^^^^^^^^^^^^^^^^
  File "/home/jl5824/pfs-neural-net/gnn.py", line 353, in forward
    edge_attr = self.edge_model(x_s, x_t, edge_index, edge_attr, u, batch_e)
                ^^^^^^^^^^^^^^^^^^^^^^^^^^^^^^^^^^^^^^^^^^^^^^^^^^^^^^^^^^^^
  File "/home/jl5824/.conda/envs/torch-gnn/lib/python3.12/site-packages/torch/nn/modules/module.py", line 1751, in _wrapped_call_impl
    return self._call_impl(*args, **kwargs)
           ^^^^^^^^^^^^^^^^^^^^^^^^^^^^^^^^
  File "/home/jl5824/.conda/envs/torch-gnn/lib/python3.12/site-packages/torch/nn/modules/module.py", line 1762, in _call_impl
    return forward_call(*args, **kwargs)
           ^^^^^^^^^^^^^^^^^^^^^^^^^^^^^
  File "/home/jl5824/pfs-neural-net/gnn.py", line 183, in forward
    return self.edge_mlp(h)
           ^^^^^^^^^^^^^^^^
  File "/home/jl5824/.conda/envs/torch-gnn/lib/python3.12/site-packages/torch/nn/modules/module.py", line 1751, in _wrapped_call_impl
    return self._call_impl(*args, **kwargs)
           ^^^^^^^^^^^^^^^^^^^^^^^^^^^^^^^^
  File "/home/jl5824/.conda/envs/torch-gnn/lib/python3.12/site-packages/torch/nn/modules/module.py", line 1762, in _call_impl
    return forward_call(*args, **kwargs)
           ^^^^^^^^^^^^^^^^^^^^^^^^^^^^^
  File "/home/jl5824/.conda/envs/torch-gnn/lib/python3.12/site-packages/torch/nn/modules/container.py", line 240, in forward
    input = module(input)
            ^^^^^^^^^^^^^
  File "/home/jl5824/.conda/envs/torch-gnn/lib/python3.12/site-packages/torch/nn/modules/module.py", line 1751, in _wrapped_call_impl
    return self._call_impl(*args, **kwargs)
           ^^^^^^^^^^^^^^^^^^^^^^^^^^^^^^^^
  File "/home/jl5824/.conda/envs/torch-gnn/lib/python3.12/site-packages/torch/nn/modules/module.py", line 1762, in _call_impl
    return forward_call(*args, **kwargs)
           ^^^^^^^^^^^^^^^^^^^^^^^^^^^^^
  File "/home/jl5824/.conda/envs/torch-gnn/lib/python3.12/site-packages/torch/nn/modules/linear.py", line 125, in forward
    return F.linear(input, self.weight, self.bias)
           ^^^^^^^^^^^^^^^^^^^^^^^^^^^^^^^^^^^^^^^
RuntimeError: mat1 and mat2 shapes cannot be multiplied (24000x32 and 35x10)
