edge_attr: tensor([[0., 0., 0.,  ..., 0., 0., 0.],
        [0., 0., 0.,  ..., 0., 0., 0.],
        [0., 0., 0.,  ..., 0., 0., 0.],
        ...,
        [0., 0., 0.,  ..., 0., 0., 0.],
        [0., 0., 0.,  ..., 0., 0., 0.],
        [0., 0., 0.,  ..., 0., 0., 0.]])
SLURM ID: 0
Start Pre-Training
No pre-trained checkpoint found.

TRAIN.PY
i_batch: 0
train_be (24000): tensor([0, 0, 0,  ..., 0, 0, 0], device='cuda:0')
train_bs (2000): tensor([0, 0, 0,  ..., 0, 0, 0], device='cuda:0')
train_bt (12): tensor([0, 0, 0, 0, 0, 0, 0, 0, 0, 0, 0, 0], device='cuda:0')


EDGE MODEL FORWARD
src (torch.Size([24000])): tensor([   0,    0,    0,  ..., 1999, 1999, 1999], device='cuda:0')
tgt (torch.Size([24000])): tensor([0, 1, 2,  ..., 7, 8, 9], device='cuda:0')
x_s (torch.Size([2000, 10])): tensor([[0., 0., 0.,  ..., 0., 0., 0.],
        [0., 0., 0.,  ..., 0., 0., 0.],
        [0., 0., 0.,  ..., 0., 0., 0.],
        ...,
        [0., 0., 0.,  ..., 0., 0., 0.],
        [0., 0., 0.,  ..., 0., 0., 0.],
        [0., 0., 0.,  ..., 0., 0., 0.]], device='cuda:0')
x_t (torch.Size([12, 5])): tensor([[0., 0., 0., 0., 0.],
        [0., 0., 0., 0., 0.],
        [0., 0., 0., 0., 0.],
        [0., 0., 0., 0., 0.],
        [0., 0., 0., 0., 0.],
        [0., 0., 0., 0., 0.],
        [0., 0., 0., 0., 0.],
        [0., 0., 0., 0., 0.],
        [0., 0., 0., 0., 0.],
        [0., 0., 0., 0., 0.],
        [0., 0., 0., 0., 0.],
        [0., 0., 0., 0., 0.]], device='cuda:0')
edge_attr (torch.Size([24000, 10])): tensor([[0., 0., 0.,  ..., 0., 0., 0.],
        [0., 0., 0.,  ..., 0., 0., 0.],
        [0., 0., 0.,  ..., 0., 0., 0.],
        ...,
        [0., 0., 0.,  ..., 0., 0., 0.],
        [0., 0., 0.,  ..., 0., 0., 0.],
        [0., 0., 0.,  ..., 0., 0., 0.]], device='cuda:0')
u (torch.Size([1, 10])): tensor([[0., 0., 0., 0., 0., 0., 0., 0., 0., 0.]], device='cuda:0')

EDGE MODEL FORWARD
src (torch.Size([24000])): tensor([   0,    0,    0,  ..., 1999, 1999, 1999], device='cuda:0')
tgt (torch.Size([24000])): tensor([0, 1, 2,  ..., 7, 8, 9], device='cuda:0')
x_s (torch.Size([2000, 10])): tensor([[0.0000e+00, 2.3561e-05, 0.0000e+00,  ..., 1.1309e-04, 3.7697e-05,
         2.3561e-05],
        [0.0000e+00, 2.3561e-05, 0.0000e+00,  ..., 1.1309e-04, 3.7697e-05,
         2.3561e-05],
        [0.0000e+00, 2.3561e-05, 0.0000e+00,  ..., 1.1309e-04, 3.7697e-05,
         2.3561e-05],
        ...,
        [0.0000e+00, 2.3561e-05, 0.0000e+00,  ..., 1.1309e-04, 3.7697e-05,
         2.3561e-05],
        [0.0000e+00, 2.3561e-05, 0.0000e+00,  ..., 1.1309e-04, 3.7697e-05,
         2.3561e-05],
        [0.0000e+00, 2.3561e-05, 0.0000e+00,  ..., 1.1309e-04, 3.7697e-05,
         2.3561e-05]], device='cuda:0', grad_fn=<NativeBatchNormBackward0>)
x_t (torch.Size([12, 5])): tensor([[ 0.0000e+00,  1.2063e-03,  0.0000e+00,  9.4243e-06, -1.2063e-03],
        [ 0.0000e+00,  1.2063e-03,  0.0000e+00,  9.4243e-06, -1.2063e-03],
        [ 0.0000e+00,  1.2063e-03,  0.0000e+00,  9.4243e-06, -1.2063e-03],
        [ 0.0000e+00,  1.2063e-03,  0.0000e+00,  9.4243e-06, -1.2063e-03],
        [ 0.0000e+00,  1.2063e-03,  0.0000e+00,  9.4243e-06, -1.2063e-03],
        [ 0.0000e+00,  1.2063e-03,  0.0000e+00,  9.4243e-06, -1.2063e-03],
        [ 0.0000e+00,  1.2063e-03,  0.0000e+00,  9.4243e-06, -1.2063e-03],
        [ 0.0000e+00,  1.2063e-03,  0.0000e+00,  9.4243e-06, -1.2063e-03],
        [ 0.0000e+00,  1.2063e-03,  0.0000e+00,  9.4243e-06, -1.2063e-03],
        [ 0.0000e+00,  1.2063e-03,  0.0000e+00,  9.4243e-06, -1.2063e-03],
        [ 0.0000e+00,  1.2063e-03,  0.0000e+00,  9.4243e-06, -1.2063e-03],
        [ 0.0000e+00,  1.2063e-03,  0.0000e+00,  9.4243e-06, -1.2063e-03]],
       device='cuda:0', grad_fn=<NativeBatchNormBackward0>)
edge_attr (torch.Size([24000, 10])): tensor([[9.4243e-06, 0.0000e+00, 2.3561e-06,  ..., 4.7122e-06, 0.0000e+00,
         2.3561e-06],
        [9.4243e-06, 0.0000e+00, 2.3561e-06,  ..., 4.7122e-06, 0.0000e+00,
         2.3561e-06],
        [9.4243e-06, 0.0000e+00, 2.3561e-06,  ..., 4.7122e-06, 0.0000e+00,
         2.3561e-06],
        ...,
        [9.4243e-06, 0.0000e+00, 2.3561e-06,  ..., 4.7122e-06, 0.0000e+00,
         2.3561e-06],
        [9.4243e-06, 0.0000e+00, 2.3561e-06,  ..., 4.7122e-06, 0.0000e+00,
         2.3561e-06],
        [9.4243e-06, 0.0000e+00, 2.3561e-06,  ..., 4.7122e-06, 0.0000e+00,
         2.3561e-06]], device='cuda:0', grad_fn=<NativeBatchNormBackward0>)
u (torch.Size([1, 10])): tensor([[-4.6044, -1.7252, -1.9485, -3.3335,  2.6582,  3.5267, -2.8738, -3.8643,
          2.5505, -0.2297]], device='cuda:0', grad_fn=<AddmmBackward0>)

EDGE MODEL FORWARD
src (torch.Size([24000])): tensor([   0,    0,    0,  ..., 1999, 1999, 1999], device='cuda:0')
tgt (torch.Size([24000])): tensor([0, 1, 2,  ..., 7, 8, 9], device='cuda:0')
x_s (torch.Size([2000, 10])): tensor([[ 1.1780e-05,  1.1780e-06,  4.7122e-06,  ..., -1.8849e-05,
          0.0000e+00, -1.8849e-05],
        [ 1.1780e-05,  1.1780e-06,  4.7122e-06,  ..., -1.8849e-05,
          0.0000e+00, -1.8849e-05],
        [ 1.1780e-05,  1.1780e-06,  4.7122e-06,  ..., -1.8849e-05,
          0.0000e+00, -1.8849e-05],
        ...,
        [ 1.1780e-05,  1.1780e-06,  4.7122e-06,  ..., -1.8849e-05,
          0.0000e+00, -1.8849e-05],
        [ 1.1780e-05,  1.1780e-06,  4.7122e-06,  ..., -1.8849e-05,
          0.0000e+00, -1.8849e-05],
        [ 1.1780e-05,  1.1780e-06,  4.7122e-06,  ..., -1.8849e-05,
          0.0000e+00, -1.8849e-05]], device='cuda:0',
       grad_fn=<NativeBatchNormBackward0>)
x_t (torch.Size([12, 5])): tensor([[0.0006, 0.0000, 0.0000, 0.0024, 0.0024],
        [0.0006, 0.0000, 0.0000, 0.0024, 0.0024],
        [0.0006, 0.0000, 0.0000, 0.0024, 0.0024],
        [0.0006, 0.0000, 0.0000, 0.0024, 0.0024],
        [0.0006, 0.0000, 0.0000, 0.0024, 0.0024],
        [0.0006, 0.0000, 0.0000, 0.0024, 0.0024],
        [0.0006, 0.0000, 0.0000, 0.0024, 0.0024],
        [0.0006, 0.0000, 0.0000, 0.0024, 0.0024],
        [0.0006, 0.0000, 0.0000, 0.0024, 0.0024],
        [0.0006, 0.0000, 0.0000, 0.0024, 0.0024],
        [0.0006, 0.0000, 0.0000, 0.0024, 0.0024],
        [0.0006, 0.0000, 0.0000, 0.0024, 0.0024]], device='cuda:0',
       grad_fn=<NativeBatchNormBackward0>)
edge_attr (torch.Size([24000, 10])): tensor([[ 0.0000e+00, -4.7122e-06,  2.3561e-06,  ...,  0.0000e+00,
          0.0000e+00,  9.4243e-06],
        [ 0.0000e+00, -4.7122e-06,  2.3561e-06,  ...,  0.0000e+00,
          0.0000e+00,  9.4243e-06],
        [ 0.0000e+00, -4.7122e-06,  2.3561e-06,  ...,  0.0000e+00,
          0.0000e+00,  9.4243e-06],
        ...,
        [ 0.0000e+00, -4.7122e-06,  2.3561e-06,  ...,  0.0000e+00,
          0.0000e+00,  9.4243e-06],
        [ 0.0000e+00, -4.7122e-06,  2.3561e-06,  ...,  0.0000e+00,
          0.0000e+00,  9.4243e-06],
        [ 0.0000e+00, -4.7122e-06,  2.3561e-06,  ...,  0.0000e+00,
          0.0000e+00,  9.4243e-06]], device='cuda:0',
       grad_fn=<NativeBatchNormBackward0>)
u (torch.Size([1, 10])): tensor([[ 1.9438, -6.4841,  1.4001, -3.1471,  3.1173, -9.5725,  6.4048,  2.1516,
         -1.4324,  8.4934]], device='cuda:0', grad_fn=<AddmmBackward0>)

EDGE MODEL FORWARD
src (torch.Size([24000])): tensor([   0,    0,    0,  ..., 1999, 1999, 1999], device='cuda:0')
tgt (torch.Size([24000])): tensor([0, 1, 2,  ..., 7, 8, 9], device='cuda:0')
x_s (torch.Size([2000, 10])): tensor([[-1.1780e-05,  1.8849e-05,  4.7122e-06,  ..., -1.4136e-05,
          0.0000e+00,  2.3561e-06],
        [-1.1780e-05,  1.8849e-05,  4.7122e-06,  ..., -1.4136e-05,
          0.0000e+00,  2.3561e-06],
        [-1.1780e-05,  1.8849e-05,  4.7122e-06,  ..., -1.4136e-05,
          0.0000e+00,  2.3561e-06],
        ...,
        [-1.1780e-05,  1.8849e-05,  4.7122e-06,  ..., -1.4136e-05,
          0.0000e+00,  2.3561e-06],
        [-1.1780e-05,  1.8849e-05,  4.7122e-06,  ..., -1.4136e-05,
          0.0000e+00,  2.3561e-06],
        [-1.1780e-05,  1.8849e-05,  4.7122e-06,  ..., -1.4136e-05,
          0.0000e+00,  2.3561e-06]], device='cuda:0',
       grad_fn=<NativeBatchNormBackward0>)
x_t (torch.Size([12, 5])): tensor([[0.0000, 0.0024, 0.0000, 0.0012, 0.0000],
        [0.0000, 0.0024, 0.0000, 0.0012, 0.0000],
        [0.0000, 0.0024, 0.0000, 0.0012, 0.0000],
        [0.0000, 0.0024, 0.0000, 0.0012, 0.0000],
        [0.0000, 0.0024, 0.0000, 0.0012, 0.0000],
        [0.0000, 0.0024, 0.0000, 0.0012, 0.0000],
        [0.0000, 0.0024, 0.0000, 0.0012, 0.0000],
        [0.0000, 0.0024, 0.0000, 0.0012, 0.0000],
        [0.0000, 0.0024, 0.0000, 0.0012, 0.0000],
        [0.0000, 0.0024, 0.0000, 0.0012, 0.0000],
        [0.0000, 0.0024, 0.0000, 0.0012, 0.0000],
        [0.0000, 0.0024, 0.0000, 0.0012, 0.0000]], device='cuda:0',
       grad_fn=<NativeBatchNormBackward0>)
edge_attr (torch.Size([24000, 10])): tensor([[-3.7697e-05,  0.0000e+00, -1.7671e-06,  ...,  3.7697e-05,
          0.0000e+00,  2.9451e-07],
        [-3.7697e-05,  0.0000e+00, -1.7671e-06,  ...,  3.7697e-05,
          0.0000e+00,  2.9451e-07],
        [-3.7697e-05,  0.0000e+00, -1.7671e-06,  ...,  3.7697e-05,
          0.0000e+00,  2.9451e-07],
        ...,
        [-3.7697e-05,  0.0000e+00, -1.7671e-06,  ...,  3.7697e-05,
          0.0000e+00,  2.9451e-07],
        [-3.7697e-05,  0.0000e+00, -1.7671e-06,  ...,  3.7697e-05,
          0.0000e+00,  2.9451e-07],
        [-3.7697e-05,  0.0000e+00, -1.7671e-06,  ...,  3.7697e-05,
          0.0000e+00,  2.9451e-07]], device='cuda:0',
       grad_fn=<NativeBatchNormBackward0>)
u (torch.Size([1, 10])): tensor([[ -1.7219,  -5.2986,  -6.0835,  -2.0914, -11.4562,  -1.2716,   4.5268,
           7.7224,   4.9470,  -0.9916]], device='cuda:0',
       grad_fn=<AddmmBackward0>)
Batch 0: -U=-8010.5, G=0.0, N=0.0, +OT=12656.0, +UT=0.0

TRAIN.PY
i_batch: 1
train_be (24000): tensor([0, 0, 0,  ..., 0, 0, 0], device='cuda:0')
train_bs (2000): tensor([0, 0, 0,  ..., 0, 0, 0], device='cuda:0')
train_bt (12): tensor([0, 0, 0, 0, 0, 0, 0, 0, 0, 0, 0, 0], device='cuda:0')


EDGE MODEL FORWARD
src (torch.Size([24000])): tensor([   0,    0,    0,  ..., 1999, 1999, 1999], device='cuda:0')
tgt (torch.Size([24000])): tensor([0, 1, 2,  ..., 7, 8, 9], device='cuda:0')
x_s (torch.Size([2000, 10])): tensor([[0., 0., 0.,  ..., 0., 0., 0.],
        [0., 0., 0.,  ..., 0., 0., 0.],
        [0., 0., 0.,  ..., 0., 0., 0.],
        ...,
        [0., 0., 0.,  ..., 0., 0., 0.],
        [0., 0., 0.,  ..., 0., 0., 0.],
        [0., 0., 0.,  ..., 0., 0., 0.]], device='cuda:0')
x_t (torch.Size([12, 2])): tensor([[2.0000e+00, 6.8200e+04],
        [2.0000e+00, 6.9300e+04],
        [2.0000e+00, 9.6300e+04],
        [1.2000e+01, 1.4400e+04],
        [6.0000e+00, 2.2000e+04],
        [6.0000e+00, 8.3000e+03],
        [1.2000e+01, 1.4000e+04],
        [6.0000e+00, 2.2000e+04],
        [3.0000e+00, 7.4000e+03],
        [6.0000e+00, 4.5000e+03],
        [1.2000e+01, 2.8000e+03],
        [8.0000e+00, 9.7000e+03]], device='cuda:0')
edge_attr (torch.Size([24000, 10])): tensor([[0., 0., 0.,  ..., 0., 0., 0.],
        [0., 0., 0.,  ..., 0., 0., 0.],
        [0., 0., 0.,  ..., 0., 0., 0.],
        ...,
        [0., 0., 0.,  ..., 0., 0., 0.],
        [0., 0., 0.,  ..., 0., 0., 0.],
        [0., 0., 0.,  ..., 0., 0., 0.]], device='cuda:0')
u (torch.Size([1, 10])): tensor([[0., 0., 0., 0., 0., 0., 0., 0., 0., 0.]], device='cuda:0')
Traceback (most recent call last):
  File "/home/jl5824/pfs-neural-net/train.py", line 217, in <module>
    time_pred, _ = gnn(graph, train_be[i_batch], train_bs[i_batch], train_bt[i_batch])
                   ^^^^^^^^^^^^^^^^^^^^^^^^^^^^^^^^^^^^^^^^^^^^^^^^^^^^^^^^^^^^^^^^^^^
  File "/home/jl5824/.conda/envs/torch-gnn/lib/python3.12/site-packages/torch/nn/modules/module.py", line 1751, in _wrapped_call_impl
    return self._call_impl(*args, **kwargs)
           ^^^^^^^^^^^^^^^^^^^^^^^^^^^^^^^^
  File "/home/jl5824/.conda/envs/torch-gnn/lib/python3.12/site-packages/torch/nn/modules/module.py", line 1762, in _call_impl
    return forward_call(*args, **kwargs)
           ^^^^^^^^^^^^^^^^^^^^^^^^^^^^^
  File "/home/jl5824/pfs-neural-net/gnn.py", line 406, in forward
    x_s, x_t, edge_attr, u = blk(x_s, x_t, edge_index, edge_attr,
                             ^^^^^^^^^^^^^^^^^^^^^^^^^^^^^^^^^^^^
  File "/home/jl5824/.conda/envs/torch-gnn/lib/python3.12/site-packages/torch/nn/modules/module.py", line 1751, in _wrapped_call_impl
    return self._call_impl(*args, **kwargs)
           ^^^^^^^^^^^^^^^^^^^^^^^^^^^^^^^^
  File "/home/jl5824/.conda/envs/torch-gnn/lib/python3.12/site-packages/torch/nn/modules/module.py", line 1762, in _call_impl
    return forward_call(*args, **kwargs)
           ^^^^^^^^^^^^^^^^^^^^^^^^^^^^^
  File "/home/jl5824/pfs-neural-net/gnn.py", line 341, in forward
    edge_attr = self.edge_model(x_s, x_t, edge_index, edge_attr, u, batch_e)
                ^^^^^^^^^^^^^^^^^^^^^^^^^^^^^^^^^^^^^^^^^^^^^^^^^^^^^^^^^^^^
  File "/home/jl5824/.conda/envs/torch-gnn/lib/python3.12/site-packages/torch/nn/modules/module.py", line 1751, in _wrapped_call_impl
    return self._call_impl(*args, **kwargs)
           ^^^^^^^^^^^^^^^^^^^^^^^^^^^^^^^^
  File "/home/jl5824/.conda/envs/torch-gnn/lib/python3.12/site-packages/torch/nn/modules/module.py", line 1762, in _call_impl
    return forward_call(*args, **kwargs)
           ^^^^^^^^^^^^^^^^^^^^^^^^^^^^^
  File "/home/jl5824/pfs-neural-net/gnn.py", line 178, in forward
    return self.edge_mlp(h)
           ^^^^^^^^^^^^^^^^
  File "/home/jl5824/.conda/envs/torch-gnn/lib/python3.12/site-packages/torch/nn/modules/module.py", line 1751, in _wrapped_call_impl
    return self._call_impl(*args, **kwargs)
           ^^^^^^^^^^^^^^^^^^^^^^^^^^^^^^^^
  File "/home/jl5824/.conda/envs/torch-gnn/lib/python3.12/site-packages/torch/nn/modules/module.py", line 1762, in _call_impl
    return forward_call(*args, **kwargs)
           ^^^^^^^^^^^^^^^^^^^^^^^^^^^^^
  File "/home/jl5824/.conda/envs/torch-gnn/lib/python3.12/site-packages/torch/nn/modules/container.py", line 240, in forward
    input = module(input)
            ^^^^^^^^^^^^^
  File "/home/jl5824/.conda/envs/torch-gnn/lib/python3.12/site-packages/torch/nn/modules/module.py", line 1751, in _wrapped_call_impl
    return self._call_impl(*args, **kwargs)
           ^^^^^^^^^^^^^^^^^^^^^^^^^^^^^^^^
  File "/home/jl5824/.conda/envs/torch-gnn/lib/python3.12/site-packages/torch/nn/modules/module.py", line 1762, in _call_impl
    return forward_call(*args, **kwargs)
           ^^^^^^^^^^^^^^^^^^^^^^^^^^^^^
  File "/home/jl5824/.conda/envs/torch-gnn/lib/python3.12/site-packages/torch/nn/modules/linear.py", line 125, in forward
    return F.linear(input, self.weight, self.bias)
           ^^^^^^^^^^^^^^^^^^^^^^^^^^^^^^^^^^^^^^^
RuntimeError: mat1 and mat2 shapes cannot be multiplied (24000x32 and 35x10)
