SLURM ID: 0
Traceback (most recent call last):
  File "/home/jl5824/pfs-neural-net/train.py", line 191, in <module>
    for graph in dataloader:
                 ^^^^^^^^^^
  File "/home/jl5824/.conda/envs/torch-gnn/lib/python3.12/site-packages/torch/utils/data/dataloader.py", line 733, in __next__
    data = self._next_data()
           ^^^^^^^^^^^^^^^^^
  File "/home/jl5824/.conda/envs/torch-gnn/lib/python3.12/site-packages/torch/utils/data/dataloader.py", line 789, in _next_data
    data = self._dataset_fetcher.fetch(index)  # may raise StopIteration
           ^^^^^^^^^^^^^^^^^^^^^^^^^^^^^^^^^^
  File "/home/jl5824/.conda/envs/torch-gnn/lib/python3.12/site-packages/torch/utils/data/_utils/fetch.py", line 55, in fetch
    return self.collate_fn(data)
           ^^^^^^^^^^^^^^^^^^^^^
  File "/home/jl5824/.conda/envs/torch-gnn/lib/python3.12/site-packages/torch_geometric/loader/dataloader.py", line 27, in __call__
    return Batch.from_data_list(
           ^^^^^^^^^^^^^^^^^^^^^
  File "/home/jl5824/.conda/envs/torch-gnn/lib/python3.12/site-packages/torch_geometric/data/batch.py", line 97, in from_data_list
    batch, slice_dict, inc_dict = collate(
                                  ^^^^^^^^
  File "/home/jl5824/.conda/envs/torch-gnn/lib/python3.12/site-packages/torch_geometric/data/collate.py", line 56, in collate
    out = cls(_base_cls=data_list[0].__class__)  # type: ignore
          ^^^^^^^^^^^^^^^^^^^^^^^^^^^^^^^^^^^^^
  File "/home/jl5824/.conda/envs/torch-gnn/lib/python3.12/site-packages/torch_geometric/data/batch.py", line 49, in __call__
    return super(DynamicInheritance, new_cls).__call__(*args, **kwargs)
           ^^^^^^^^^^^^^^^^^^^^^^^^^^^^^^^^^^^^^^^^^^^^^^^^^^^^^^^^^^^^
  File "/home/jl5824/pfs-neural-net/gnn.py", line 48, in __init__
    self.edge_index = edge_index.cuda()
                      ^^^^^^^^^^^^^^^
AttributeError: 'NoneType' object has no attribute 'cuda'
